2020-08-29T07:26:21Z I! Loaded inputs: mem net processes swap system cpu disk kernel snmp
2020-08-29T07:26:21Z I! Loaded aggregators: 
2020-08-29T07:26:21Z I! Loaded processors: 
2020-08-29T07:26:21Z I! Loaded outputs: influxdb
2020-08-29T07:26:21Z I! Tags enabled: host=6a949b9ea3c9
2020-08-29T07:26:21Z I! [agent] Config: Interval:10s, Quiet:false, Hostname:"6a949b9ea3c9", Flush Interval:10s
2020-08-29T07:26:21Z W! [outputs.influxdb] When writing to [http://influxdb:8086]: database "telegraf" creation failed: Post "http://influxdb:8086/query": dial tcp 172.18.0.4:8086: connect: connection refused
2020-08-29T07:41:18Z I! [agent] Hang on, flushing any cached metrics before shutdown
2020-08-29T07:41:19Z I! Loaded inputs: cpu mem net ping swap disk kernel processes system snmp
2020-08-29T07:41:19Z I! Loaded aggregators: 
2020-08-29T07:41:19Z I! Loaded processors: 
2020-08-29T07:41:19Z I! Loaded outputs: influxdb
2020-08-29T07:41:19Z I! Tags enabled: host=6a949b9ea3c9
2020-08-29T07:41:19Z I! [agent] Config: Interval:10s, Quiet:false, Hostname:"6a949b9ea3c9", Flush Interval:10s
2020-08-29T22:25:10Z W! [inputs.snmp] Collection took longer than expected; not complete after interval of 10s
2020-08-30T02:17:47Z I! Loaded inputs: kernel net system disk mem net_response ping processes swap cpu snmp
2020-08-30T02:17:47Z I! Loaded aggregators: 
2020-08-30T02:17:47Z I! Loaded processors: 
2020-08-30T02:17:47Z I! Loaded outputs: influxdb
2020-08-30T02:17:47Z I! Tags enabled: host=6a949b9ea3c9
2020-08-30T02:17:47Z I! [agent] Config: Interval:10s, Quiet:false, Hostname:"6a949b9ea3c9", Flush Interval:10s
2020-08-30T02:17:47Z W! [outputs.influxdb] When writing to [http://influxdb:8086]: database "telegraf" creation failed: Post "http://influxdb:8086/query": dial tcp 172.18.0.5:8086: connect: connection refused
2020-08-30T02:20:20Z I! [agent] Hang on, flushing any cached metrics before shutdown
2020-08-30T02:23:26Z I! Loaded inputs: net net_response ping system cpu disk processes swap kernel mem snmp
2020-08-30T02:23:26Z I! Loaded aggregators: 
2020-08-30T02:23:26Z I! Loaded processors: 
2020-08-30T02:23:26Z I! Loaded outputs: influxdb
2020-08-30T02:23:26Z I! Tags enabled: host=6a949b9ea3c9
2020-08-30T02:23:26Z I! [agent] Config: Interval:10s, Quiet:false, Hostname:"6a949b9ea3c9", Flush Interval:10s
2020-08-30T02:23:26Z W! [outputs.influxdb] When writing to [http://influxdb:8086]: database "telegraf" creation failed: Post "http://influxdb:8086/query": dial tcp 172.18.0.3:8086: connect: connection refused
2020-08-30T03:22:50Z I! [agent] Hang on, flushing any cached metrics before shutdown
2020-08-30T03:22:59Z I! Loaded inputs: kernel mem ping processes swap system cpu disk net net_response snmp
2020-08-30T03:22:59Z I! Loaded aggregators: 
2020-08-30T03:22:59Z I! Loaded processors: 
2020-08-30T03:22:59Z I! Loaded outputs: influxdb
2020-08-30T03:22:59Z I! Tags enabled: host=6a949b9ea3c9
2020-08-30T03:22:59Z I! [agent] Config: Interval:10s, Quiet:false, Hostname:"6a949b9ea3c9", Flush Interval:10s
2020-08-30T03:22:59Z W! [outputs.influxdb] When writing to [http://influxdb:8086]: database "telegraf" creation failed: Post "http://influxdb:8086/query": dial tcp 172.18.0.3:8086: connect: connection refused
2020-08-30T03:26:24Z I! [agent] Hang on, flushing any cached metrics before shutdown
2020-08-30T03:26:28Z I! Loaded inputs: processes system disk mem net ping cpu kernel net_response swap snmp
2020-08-30T03:26:28Z I! Loaded aggregators: 
2020-08-30T03:26:28Z I! Loaded processors: 
2020-08-30T03:26:28Z I! Loaded outputs: influxdb
2020-08-30T03:26:28Z I! Tags enabled: host=6a949b9ea3c9
2020-08-30T03:26:28Z I! [agent] Config: Interval:10s, Quiet:false, Hostname:"6a949b9ea3c9", Flush Interval:10s
2020-08-30T03:26:28Z W! [outputs.influxdb] When writing to [http://influxdb:8086]: database "telegraf" creation failed: Post "http://influxdb:8086/query": dial tcp 172.18.0.3:8086: connect: connection refused
2020-08-30T06:02:12Z I! [agent] Hang on, flushing any cached metrics before shutdown
2020-08-30T06:02:12Z I! Loaded inputs: disk net_response ping processes swap cpu kernel mem net system snmp
2020-08-30T06:02:12Z I! Loaded aggregators: 
2020-08-30T06:02:12Z I! Loaded processors: 
2020-08-30T06:02:12Z I! Loaded outputs: influxdb
2020-08-30T06:02:12Z I! Tags enabled: host=6a949b9ea3c9
2020-08-30T06:02:12Z I! [agent] Config: Interval:10s, Quiet:false, Hostname:"6a949b9ea3c9", Flush Interval:10s
2020-08-30T11:12:10Z W! [inputs.snmp] Collection took longer than expected; not complete after interval of 10s
2020-08-30T15:10:30Z W! [inputs.snmp] Collection took longer than expected; not complete after interval of 10s
2020-08-31T02:28:00Z W! [inputs.snmp] Collection took longer than expected; not complete after interval of 10s
2020-08-31T04:12:30Z W! [inputs.snmp] Collection took longer than expected; not complete after interval of 10s
2020-08-31T05:48:00Z W! [inputs.snmp] Collection took longer than expected; not complete after interval of 10s
2020-08-31T06:13:00Z W! [inputs.snmp] Collection took longer than expected; not complete after interval of 10s
2020-08-31T06:28:00Z W! [inputs.snmp] Collection took longer than expected; not complete after interval of 10s
2020-08-31T08:18:00Z W! [inputs.snmp] Collection took longer than expected; not complete after interval of 10s
2020-08-31T09:14:40Z W! [inputs.snmp] Collection took longer than expected; not complete after interval of 10s
2020-08-31T09:48:00Z W! [inputs.snmp] Collection took longer than expected; not complete after interval of 10s
2020-08-31T10:33:00Z W! [inputs.snmp] Collection took longer than expected; not complete after interval of 10s
2020-08-31T15:39:19Z I! [agent] Hang on, flushing any cached metrics before shutdown
2020-08-31T15:39:37Z I! Loaded inputs: disk kernel mem swap system cpu net net_response ping processes snmp
2020-08-31T15:39:37Z I! Loaded aggregators: 
2020-08-31T15:39:37Z I! Loaded processors: 
2020-08-31T15:39:37Z I! Loaded outputs: influxdb
2020-08-31T15:39:37Z I! Tags enabled: host=6a949b9ea3c9
2020-08-31T15:39:37Z I! [agent] Config: Interval:10s, Quiet:false, Hostname:"6a949b9ea3c9", Flush Interval:10s
2020-08-31T15:39:37Z W! [outputs.influxdb] When writing to [http://influxdb:8086]: database "telegraf" creation failed: Post "http://influxdb:8086/query": dial tcp 172.18.0.3:8086: connect: connection refused
2020-08-31T22:26:00Z W! [inputs.snmp] Collection took longer than expected; not complete after interval of 10s
2020-09-01T03:18:10Z W! [inputs.snmp] Collection took longer than expected; not complete after interval of 10s
2020-09-01T11:08:40Z W! [inputs.snmp] Collection took longer than expected; not complete after interval of 10s
2020-09-02T18:21:10Z W! [inputs.snmp] Collection took longer than expected; not complete after interval of 10s
2020-09-03T00:53:30Z W! [inputs.snmp] Collection took longer than expected; not complete after interval of 10s
2020-09-03T14:45:46Z I! [agent] Hang on, flushing any cached metrics before shutdown
2020-09-03T14:46:12Z I! Loaded inputs: kernel mem net ping system cpu disk net_response processes swap snmp
2020-09-03T14:46:12Z I! Loaded aggregators: 
2020-09-03T14:46:12Z I! Loaded processors: 
2020-09-03T14:46:12Z I! Loaded outputs: influxdb
2020-09-03T14:46:12Z I! Tags enabled: host=6a949b9ea3c9
2020-09-03T14:46:12Z I! [agent] Config: Interval:10s, Quiet:false, Hostname:"6a949b9ea3c9", Flush Interval:10s
2020-09-03T14:46:12Z W! [outputs.influxdb] When writing to [http://influxdb:8086]: database "telegraf" creation failed: Post "http://influxdb:8086/query": dial tcp 172.18.0.3:8086: connect: connection refused
2020-09-03T20:28:30Z W! [inputs.snmp] Collection took longer than expected; not complete after interval of 10s
2020-09-03T23:32:00Z I! [agent] Hang on, flushing any cached metrics before shutdown
2020-09-03T23:32:06Z I! Loaded inputs: net cpu disk mem processes swap system kernel net_response ping snmp
2020-09-03T23:32:06Z I! Loaded aggregators: 
2020-09-03T23:32:06Z I! Loaded processors: 
2020-09-03T23:32:06Z I! Loaded outputs: influxdb
2020-09-03T23:32:06Z I! Tags enabled: host=6a949b9ea3c9
2020-09-03T23:32:06Z I! [agent] Config: Interval:10s, Quiet:false, Hostname:"6a949b9ea3c9", Flush Interval:10s
2020-09-03T23:32:06Z W! [outputs.influxdb] When writing to [http://influxdb:8086]: database "telegraf" creation failed: Post "http://influxdb:8086/query": dial tcp 172.18.0.3:8086: connect: connection refused
2020-09-03T23:37:16Z I! [agent] Hang on, flushing any cached metrics before shutdown
2020-09-03T23:37:51Z I! Loaded inputs: processes swap system disk net ping net_response cpu kernel mem snmp
2020-09-03T23:37:51Z I! Loaded aggregators: 
2020-09-03T23:37:51Z I! Loaded processors: 
2020-09-03T23:37:51Z I! Loaded outputs: influxdb
2020-09-03T23:37:51Z I! Tags enabled: host=6a949b9ea3c9
2020-09-03T23:37:51Z I! [agent] Config: Interval:10s, Quiet:false, Hostname:"6a949b9ea3c9", Flush Interval:10s
2020-09-03T23:37:51Z W! [outputs.influxdb] When writing to [http://influxdb:8086]: database "telegraf" creation failed: Post "http://influxdb:8086/query": dial tcp 172.18.0.3:8086: connect: connection refused
2020-09-04T07:42:50Z I! [agent] Hang on, flushing any cached metrics before shutdown
2020-09-04T07:42:57Z I! Loaded inputs: disk net net_response processes system cpu kernel mem ping swap snmp
2020-09-04T07:42:57Z I! Loaded aggregators: 
2020-09-04T07:42:57Z I! Loaded processors: 
2020-09-04T07:42:57Z I! Loaded outputs: influxdb
2020-09-04T07:42:57Z I! Tags enabled: host=6a949b9ea3c9
2020-09-04T07:42:57Z I! [agent] Config: Interval:10s, Quiet:false, Hostname:"6a949b9ea3c9", Flush Interval:10s
2020-09-04T07:42:57Z W! [outputs.influxdb] When writing to [http://influxdb:8086]: database "telegraf" creation failed: Post "http://influxdb:8086/query": dial tcp 172.18.0.2:8086: connect: connection refused
2020-09-04T07:52:19Z I! [agent] Hang on, flushing any cached metrics before shutdown
2020-09-04T07:52:24Z I! Loaded inputs: kernel system disk mem net net_response ping processes swap cpu snmp
2020-09-04T07:52:24Z I! Loaded aggregators: 
2020-09-04T07:52:24Z I! Loaded processors: 
2020-09-04T07:52:24Z I! Loaded outputs: influxdb
2020-09-04T07:52:24Z I! Tags enabled: host=6a949b9ea3c9
2020-09-04T07:52:24Z I! [agent] Config: Interval:10s, Quiet:false, Hostname:"6a949b9ea3c9", Flush Interval:10s
2020-09-04T07:52:24Z W! [outputs.influxdb] When writing to [http://influxdb:8086]: database "telegraf" creation failed: Post "http://influxdb:8086/query": dial tcp 172.18.0.3:8086: connect: connection refused
2020-09-04T07:56:09Z I! [agent] Hang on, flushing any cached metrics before shutdown
2020-09-04T07:56:15Z I! Loaded inputs: disk net_response ping processes swap cpu kernel mem net system snmp
2020-09-04T07:56:15Z I! Loaded aggregators: 
2020-09-04T07:56:15Z I! Loaded processors: 
2020-09-04T07:56:15Z I! Loaded outputs: influxdb
2020-09-04T07:56:15Z I! Tags enabled: host=6a949b9ea3c9
2020-09-04T07:56:15Z I! [agent] Config: Interval:10s, Quiet:false, Hostname:"6a949b9ea3c9", Flush Interval:10s
2020-09-04T07:56:15Z W! [outputs.influxdb] When writing to [http://influxdb:8086]: database "telegraf" creation failed: Post "http://influxdb:8086/query": dial tcp 172.18.0.3:8086: connect: connection refused
2020-09-04T08:05:21Z I! [agent] Hang on, flushing any cached metrics before shutdown
2020-09-04T08:05:27Z I! Loaded inputs: system disk mem net_response ping processes swap cpu kernel net snmp
2020-09-04T08:05:27Z I! Loaded aggregators: 
2020-09-04T08:05:27Z I! Loaded processors: 
2020-09-04T08:05:27Z I! Loaded outputs: influxdb
2020-09-04T08:05:27Z I! Tags enabled: host=6a949b9ea3c9
2020-09-04T08:05:27Z I! [agent] Config: Interval:10s, Quiet:false, Hostname:"6a949b9ea3c9", Flush Interval:10s
2020-09-04T08:05:27Z W! [outputs.influxdb] When writing to [http://influxdb:8086]: database "telegraf" creation failed: Post "http://influxdb:8086/query": dial tcp 172.18.0.3:8086: connect: connection refused
2020-09-04T08:10:38Z I! [agent] Hang on, flushing any cached metrics before shutdown
2020-09-04T08:10:44Z I! Loaded inputs: net_response ping swap system cpu disk mem net kernel processes snmp
2020-09-04T08:10:44Z I! Loaded aggregators: 
2020-09-04T08:10:44Z I! Loaded processors: 
2020-09-04T08:10:44Z I! Loaded outputs: influxdb
2020-09-04T08:10:44Z I! Tags enabled: host=6a949b9ea3c9
2020-09-04T08:10:44Z I! [agent] Config: Interval:10s, Quiet:false, Hostname:"6a949b9ea3c9", Flush Interval:10s
2020-09-04T08:10:44Z W! [outputs.influxdb] When writing to [http://influxdb:8086]: database "telegraf" creation failed: Post "http://influxdb:8086/query": dial tcp 172.18.0.3:8086: connect: connection refused
2020-09-04T08:22:34Z I! [agent] Hang on, flushing any cached metrics before shutdown
2020-09-04T08:22:38Z I! Loaded inputs: kernel processes swap net_response ping system cpu disk mem net snmp
2020-09-04T08:22:38Z I! Loaded aggregators: 
2020-09-04T08:22:38Z I! Loaded processors: 
2020-09-04T08:22:38Z I! Loaded outputs: influxdb
2020-09-04T08:22:38Z I! Tags enabled: host=6a949b9ea3c9
2020-09-04T08:22:38Z I! [agent] Config: Interval:10s, Quiet:false, Hostname:"6a949b9ea3c9", Flush Interval:10s
2020-09-04T08:22:38Z W! [outputs.influxdb] When writing to [http://influxdb:8086]: database "telegraf" creation failed: Post "http://influxdb:8086/query": dial tcp 172.18.0.3:8086: connect: connection refused
2020-09-04T08:32:25Z I! [agent] Hang on, flushing any cached metrics before shutdown
2020-09-04T08:32:32Z I! Loaded inputs: kernel net net_response ping cpu mem processes swap system disk snmp
2020-09-04T08:32:32Z I! Loaded aggregators: 
2020-09-04T08:32:32Z I! Loaded processors: 
2020-09-04T08:32:32Z I! Loaded outputs: influxdb
2020-09-04T08:32:32Z I! Tags enabled: host=6a949b9ea3c9
2020-09-04T08:32:32Z I! [agent] Config: Interval:10s, Quiet:false, Hostname:"6a949b9ea3c9", Flush Interval:10s
2020-09-04T08:32:32Z W! [outputs.influxdb] When writing to [http://influxdb:8086]: database "telegraf" creation failed: Post "http://influxdb:8086/query": dial tcp 172.18.0.3:8086: connect: connection refused
2020-09-04T08:38:57Z I! [agent] Hang on, flushing any cached metrics before shutdown
2020-09-04T08:39:02Z I! Loaded inputs: swap disk mem ping net_response processes system cpu kernel net snmp
2020-09-04T08:39:02Z I! Loaded aggregators: 
2020-09-04T08:39:02Z I! Loaded processors: 
2020-09-04T08:39:02Z I! Loaded outputs: influxdb
2020-09-04T08:39:02Z I! Tags enabled: host=6a949b9ea3c9
2020-09-04T08:39:02Z I! [agent] Config: Interval:10s, Quiet:false, Hostname:"6a949b9ea3c9", Flush Interval:10s
2020-09-04T08:39:02Z W! [outputs.influxdb] When writing to [http://influxdb:8086]: database "telegraf" creation failed: Post "http://influxdb:8086/query": dial tcp 172.18.0.3:8086: connect: connection refused
2020-09-05T05:47:12Z I! [agent] Hang on, flushing any cached metrics before shutdown
2020-09-05T05:53:29Z I! Loaded inputs: net_response swap disk kernel mem processes system cpu net ping snmp
2020-09-05T05:53:29Z I! Loaded aggregators: 
2020-09-05T05:53:29Z I! Loaded processors: 
2020-09-05T05:53:29Z I! Loaded outputs: influxdb
2020-09-05T05:53:29Z I! Tags enabled: host=6a949b9ea3c9
2020-09-05T05:53:29Z I! [agent] Config: Interval:10s, Quiet:false, Hostname:"6a949b9ea3c9", Flush Interval:10s
2020-09-05T05:53:29Z W! [outputs.influxdb] When writing to [http://influxdb:8086]: database "telegraf" creation failed: Post "http://influxdb:8086/query": dial tcp 172.18.0.3:8086: connect: connection refused
2020-09-05T10:24:30Z W! [inputs.snmp] Collection took longer than expected; not complete after interval of 10s
2020-09-05T10:41:20Z W! [inputs.ping] Collection took longer than expected; not complete after interval of 10s
2020-09-05T10:41:40Z W! [inputs.ping] Collection took longer than expected; not complete after interval of 10s
2020-09-05T10:41:45Z E! [inputs.ping] Error in plugin: host www.google.com: ping: www.google.com: Temporary failure in name resolution, exit status 2
2020-09-05T10:42:00Z W! [inputs.ping] Collection took longer than expected; not complete after interval of 10s
2020-09-05T10:42:05Z E! [inputs.ping] Error in plugin: host www.google.com: ping: www.google.com: Temporary failure in name resolution, exit status 2
2020-09-05T10:42:20Z W! [inputs.ping] Collection took longer than expected; not complete after interval of 10s
2020-09-05T10:42:25Z E! [inputs.ping] Error in plugin: host www.google.com: ping: www.google.com: Temporary failure in name resolution, exit status 2
2020-09-05T10:42:40Z W! [inputs.ping] Collection took longer than expected; not complete after interval of 10s
2020-09-05T10:42:45Z E! [inputs.ping] Error in plugin: host www.google.com: ping: www.google.com: Temporary failure in name resolution, exit status 2
2020-09-05T10:43:00Z W! [inputs.ping] Collection took longer than expected; not complete after interval of 10s
2020-09-05T10:43:05Z E! [inputs.ping] Error in plugin: host www.google.com: ping: www.google.com: Temporary failure in name resolution, exit status 2
2020-09-05T10:43:20Z W! [inputs.ping] Collection took longer than expected; not complete after interval of 10s
2020-09-05T10:43:25Z E! [inputs.ping] Error in plugin: host www.google.com: ping: www.google.com: Temporary failure in name resolution, exit status 2
2020-09-05T10:43:40Z W! [inputs.ping] Collection took longer than expected; not complete after interval of 10s
2020-09-05T10:43:45Z E! [inputs.ping] Error in plugin: host www.google.com: ping: www.google.com: Temporary failure in name resolution, exit status 2
2020-09-05T10:44:00Z W! [inputs.ping] Collection took longer than expected; not complete after interval of 10s
2020-09-05T10:44:00Z E! [inputs.ping] Error in plugin: host www.google.com: ping: www.google.com: Temporary failure in name resolution, exit status 2
2020-09-05T10:44:20Z W! [inputs.ping] Collection took longer than expected; not complete after interval of 10s
2020-09-05T10:44:20Z E! [inputs.ping] Error in plugin: host www.google.com: ping: www.google.com: Temporary failure in name resolution, exit status 2
2020-09-05T10:44:40Z W! [inputs.ping] Collection took longer than expected; not complete after interval of 10s
2020-09-05T10:44:40Z E! [inputs.ping] Error in plugin: host www.google.com: ping: www.google.com: Temporary failure in name resolution, exit status 2
2020-09-05T10:45:00Z W! [inputs.ping] Collection took longer than expected; not complete after interval of 10s
2020-09-05T10:45:05Z E! [inputs.ping] Error in plugin: host www.google.com: ping: www.google.com: Temporary failure in name resolution, exit status 2
2020-09-05T10:45:20Z W! [inputs.ping] Collection took longer than expected; not complete after interval of 10s
2020-09-05T10:45:25Z E! [inputs.ping] Error in plugin: host www.google.com: ping: www.google.com: Temporary failure in name resolution, exit status 2
2020-09-05T10:45:40Z W! [inputs.ping] Collection took longer than expected; not complete after interval of 10s
2020-09-05T10:45:45Z E! [inputs.ping] Error in plugin: host www.google.com: ping: www.google.com: Temporary failure in name resolution, exit status 2
2020-09-05T10:46:00Z W! [inputs.ping] Collection took longer than expected; not complete after interval of 10s
2020-09-05T10:46:05Z E! [inputs.ping] Error in plugin: host www.google.com: ping: www.google.com: Temporary failure in name resolution, exit status 2
2020-09-05T10:46:20Z W! [inputs.ping] Collection took longer than expected; not complete after interval of 10s
2020-09-05T10:46:25Z E! [inputs.ping] Error in plugin: host www.google.com: ping: www.google.com: Temporary failure in name resolution, exit status 2
2020-09-05T10:46:40Z W! [inputs.ping] Collection took longer than expected; not complete after interval of 10s
2020-09-05T10:46:45Z E! [inputs.ping] Error in plugin: host www.google.com: ping: www.google.com: Temporary failure in name resolution, exit status 2
2020-09-05T14:02:50Z W! [inputs.snmp] Collection took longer than expected; not complete after interval of 10s
