t=2020-08-30T07:56:05+0800 lvl=info msg="Shutdown started" logger=server reason="System signal: terminated"
t=2020-08-30T07:56:05+0800 lvl=info msg="Stopped Stream Manager"
t=2020-08-30T07:56:05+0800 lvl=info msg="Starting Grafana" logger=server version=7.1.5 commit=9893b8c53d branch=HEAD compiled=2020-08-25T16:27:17+0800
t=2020-08-30T07:56:05+0800 lvl=info msg="Config loaded from" logger=settings file=/usr/share/grafana/conf/defaults.ini
t=2020-08-30T07:56:05+0800 lvl=info msg="Config loaded from" logger=settings file=/etc/grafana/grafana.ini
t=2020-08-30T07:56:05+0800 lvl=info msg="Config overridden from command line" logger=settings arg="default.paths.data=/var/lib/grafana"
t=2020-08-30T07:56:05+0800 lvl=info msg="Config overridden from command line" logger=settings arg="default.paths.logs=/var/log/grafana"
t=2020-08-30T07:56:05+0800 lvl=info msg="Config overridden from command line" logger=settings arg="default.paths.plugins=/var/lib/grafana/plugins"
t=2020-08-30T07:56:05+0800 lvl=info msg="Config overridden from command line" logger=settings arg="default.paths.provisioning=/etc/grafana/provisioning"
t=2020-08-30T07:56:05+0800 lvl=info msg="Config overridden from command line" logger=settings arg="default.log.mode=console"
t=2020-08-30T07:56:05+0800 lvl=info msg="Config overridden from Environment variable" logger=settings var="GF_PATHS_DATA=/var/lib/grafana"
t=2020-08-30T07:56:05+0800 lvl=info msg="Config overridden from Environment variable" logger=settings var="GF_PATHS_LOGS=/var/log/grafana"
t=2020-08-30T07:56:05+0800 lvl=info msg="Config overridden from Environment variable" logger=settings var="GF_PATHS_PLUGINS=/var/lib/grafana/plugins"
t=2020-08-30T07:56:05+0800 lvl=info msg="Config overridden from Environment variable" logger=settings var="GF_PATHS_PROVISIONING=/etc/grafana/provisioning"
t=2020-08-30T07:56:05+0800 lvl=info msg="Config overridden from Environment variable" logger=settings var="GF_SMTP_ENABLED=true"
t=2020-08-30T07:56:05+0800 lvl=info msg="Config overridden from Environment variable" logger=settings var="GF_SMTP_HOST=smtp.gmail.com:465"
t=2020-08-30T07:56:05+0800 lvl=info msg="Config overridden from Environment variable" logger=settings var="GF_SMTP_USER=xxxx@gmail.com"
t=2020-08-30T07:56:05+0800 lvl=info msg="Config overridden from Environment variable" logger=settings var="GF_SMTP_PASSWORD=*********"
t=2020-08-30T07:56:05+0800 lvl=info msg="Config overridden from Environment variable" logger=settings var="GF_SMTP_SKIP_VERIFY=true"
t=2020-08-30T07:56:05+0800 lvl=info msg="Config overridden from Environment variable" logger=settings var="GF_SMTP_FROM_ADDRESS=xxxx@gmail.com"
t=2020-08-30T07:56:05+0800 lvl=info msg="Config overridden from Environment variable" logger=settings var="GF_SMTP_FROM_NAME=Grafana"
t=2020-08-30T07:56:05+0800 lvl=info msg="Config overridden from Environment variable" logger=settings var="GF_LOG_FILTERS=rendering:debug"
t=2020-08-30T07:56:05+0800 lvl=info msg="Config overridden from Environment variable" logger=settings var="GF_RENDERING_SERVER_URL=http://grafana-image:8081/render"
t=2020-08-30T07:56:05+0800 lvl=info msg="Config overridden from Environment variable" logger=settings var="GF_RENDERING_CALLBACK_URL=http://grafana:3000/"
t=2020-08-30T07:56:05+0800 lvl=info msg="Path Home" logger=settings path=/usr/share/grafana
t=2020-08-30T07:56:05+0800 lvl=info msg="Path Data" logger=settings path=/var/lib/grafana
t=2020-08-30T07:56:05+0800 lvl=info msg="Path Logs" logger=settings path=/var/log/grafana
t=2020-08-30T07:56:05+0800 lvl=info msg="Path Plugins" logger=settings path=/var/lib/grafana/plugins
t=2020-08-30T07:56:05+0800 lvl=info msg="Path Provisioning" logger=settings path=/etc/grafana/provisioning
t=2020-08-30T07:56:05+0800 lvl=info msg="App mode production" logger=settings
t=2020-08-30T07:56:05+0800 lvl=info msg="Connecting to DB" logger=sqlstore dbtype=sqlite3
t=2020-08-30T07:56:05+0800 lvl=info msg="Starting DB migration" logger=migrator
t=2020-08-30T07:56:05+0800 lvl=info msg="Starting plugin search" logger=plugins
t=2020-08-30T07:56:05+0800 lvl=info msg="Registering plugin" logger=plugins name="Direct Input"
t=2020-08-30T07:56:05+0800 lvl=info msg="Registering plugin" logger=plugins name=Clock
t=2020-08-30T07:56:06+0800 lvl=eror msg="can't read datasource provisioning files from directory" logger=provisioning.datasources path=/etc/grafana/provisioning/datasources error="open /etc/grafana/provisioning/datasources: no such file or directory"
t=2020-08-30T07:56:06+0800 lvl=eror msg="Failed to read plugin provisioning files from directory" logger=provisioning.plugins path=/etc/grafana/provisioning/plugins error="open /etc/grafana/provisioning/plugins: no such file or directory"
t=2020-08-30T07:56:06+0800 lvl=eror msg="Can't read alert notification provisioning files from directory" logger=provisioning.notifiers path=/etc/grafana/provisioning/notifiers error="open /etc/grafana/provisioning/notifiers: no such file or directory"
t=2020-08-30T07:56:06+0800 lvl=eror msg="can't read dashboard provisioning files from directory" logger=provisioning.dashboard path=/etc/grafana/provisioning/dashboards error="open /etc/grafana/provisioning/dashboards: no such file or directory"
t=2020-08-30T07:56:06+0800 lvl=info msg="Backend rendering via external http server" logger=rendering renderer=http
t=2020-08-30T07:56:06+0800 lvl=info msg="HTTP Server Listen" logger=http.server address=[::]:3000 protocol=http subUrl= socket=
t=2020-08-30T07:59:39+0800 lvl=info msg="Shutdown started" logger=server reason="System signal: terminated"
t=2020-08-30T07:59:39+0800 lvl=info msg="Stopped Stream Manager"
t=2020-08-30T07:59:40+0800 lvl=info msg="Starting Grafana" logger=server version=7.1.5 commit=9893b8c53d branch=HEAD compiled=2020-08-25T16:27:17+0800
t=2020-08-30T07:59:40+0800 lvl=info msg="Config loaded from" logger=settings file=/usr/share/grafana/conf/defaults.ini
t=2020-08-30T07:59:40+0800 lvl=info msg="Config loaded from" logger=settings file=/etc/grafana/grafana.ini
t=2020-08-30T07:59:40+0800 lvl=info msg="Config overridden from command line" logger=settings arg="default.paths.data=/var/lib/grafana"
t=2020-08-30T07:59:40+0800 lvl=info msg="Config overridden from command line" logger=settings arg="default.paths.logs=/var/log/grafana"
t=2020-08-30T07:59:40+0800 lvl=info msg="Config overridden from command line" logger=settings arg="default.paths.plugins=/var/lib/grafana/plugins"
t=2020-08-30T07:59:40+0800 lvl=info msg="Config overridden from command line" logger=settings arg="default.paths.provisioning=/etc/grafana/provisioning"
t=2020-08-30T07:59:40+0800 lvl=info msg="Config overridden from command line" logger=settings arg="default.log.mode=console"
t=2020-08-30T07:59:40+0800 lvl=info msg="Config overridden from Environment variable" logger=settings var="GF_PATHS_DATA=/var/lib/grafana"
t=2020-08-30T07:59:40+0800 lvl=info msg="Config overridden from Environment variable" logger=settings var="GF_PATHS_LOGS=/var/log/grafana"
t=2020-08-30T07:59:40+0800 lvl=info msg="Config overridden from Environment variable" logger=settings var="GF_PATHS_PLUGINS=/var/lib/grafana/plugins"
t=2020-08-30T07:59:40+0800 lvl=info msg="Config overridden from Environment variable" logger=settings var="GF_PATHS_PROVISIONING=/etc/grafana/provisioning"
t=2020-08-30T07:59:40+0800 lvl=info msg="Config overridden from Environment variable" logger=settings var="GF_SMTP_ENABLED=true"
t=2020-08-30T07:59:40+0800 lvl=info msg="Config overridden from Environment variable" logger=settings var="GF_SMTP_HOST=smtp.gmail.com:465"
t=2020-08-30T07:59:40+0800 lvl=info msg="Config overridden from Environment variable" logger=settings var="GF_SMTP_USER=xxxx@gmail.com"
t=2020-08-30T07:59:40+0800 lvl=info msg="Config overridden from Environment variable" logger=settings var="GF_SMTP_PASSWORD=*********"
t=2020-08-30T07:59:40+0800 lvl=info msg="Config overridden from Environment variable" logger=settings var="GF_SMTP_SKIP_VERIFY=true"
t=2020-08-30T07:59:40+0800 lvl=info msg="Config overridden from Environment variable" logger=settings var="GF_SMTP_FROM_ADDRESS=xxxx@gmail.com"
t=2020-08-30T07:59:40+0800 lvl=info msg="Config overridden from Environment variable" logger=settings var="GF_SMTP_FROM_NAME=Grafana"
t=2020-08-30T07:59:40+0800 lvl=info msg="Config overridden from Environment variable" logger=settings var="GF_LOG_FILTERS=rendering:debug"
t=2020-08-30T07:59:40+0800 lvl=info msg="Config overridden from Environment variable" logger=settings var="GF_RENDERING_SERVER_URL=http://grafana-image:8081/render"
t=2020-08-30T07:59:40+0800 lvl=info msg="Config overridden from Environment variable" logger=settings var="GF_RENDERING_CALLBACK_URL=http://grafana:3000/"
t=2020-08-30T07:59:40+0800 lvl=info msg="Path Home" logger=settings path=/usr/share/grafana
t=2020-08-30T07:59:40+0800 lvl=info msg="Path Data" logger=settings path=/var/lib/grafana
t=2020-08-30T07:59:40+0800 lvl=info msg="Path Logs" logger=settings path=/var/log/grafana
t=2020-08-30T07:59:40+0800 lvl=info msg="Path Plugins" logger=settings path=/var/lib/grafana/plugins
t=2020-08-30T07:59:40+0800 lvl=info msg="Path Provisioning" logger=settings path=/etc/grafana/provisioning
t=2020-08-30T07:59:40+0800 lvl=info msg="App mode production" logger=settings
t=2020-08-30T07:59:40+0800 lvl=info msg="Connecting to DB" logger=sqlstore dbtype=sqlite3
t=2020-08-30T07:59:40+0800 lvl=info msg="Starting DB migration" logger=migrator
t=2020-08-30T07:59:40+0800 lvl=info msg="Starting plugin search" logger=plugins
t=2020-08-30T07:59:40+0800 lvl=info msg="Registering plugin" logger=plugins name="Direct Input"
t=2020-08-30T07:59:40+0800 lvl=info msg="Registering plugin" logger=plugins name=Clock
t=2020-08-30T07:59:40+0800 lvl=eror msg="can't read datasource provisioning files from directory" logger=provisioning.datasources path=/etc/grafana/provisioning/datasources error="open /etc/grafana/provisioning/datasources: no such file or directory"
t=2020-08-30T07:59:40+0800 lvl=eror msg="Failed to read plugin provisioning files from directory" logger=provisioning.plugins path=/etc/grafana/provisioning/plugins error="open /etc/grafana/provisioning/plugins: no such file or directory"
t=2020-08-30T07:59:40+0800 lvl=eror msg="Can't read alert notification provisioning files from directory" logger=provisioning.notifiers path=/etc/grafana/provisioning/notifiers error="open /etc/grafana/provisioning/notifiers: no such file or directory"
t=2020-08-30T07:59:40+0800 lvl=eror msg="can't read dashboard provisioning files from directory" logger=provisioning.dashboard path=/etc/grafana/provisioning/dashboards error="open /etc/grafana/provisioning/dashboards: no such file or directory"
t=2020-08-30T07:59:40+0800 lvl=info msg="Backend rendering via external http server" logger=rendering renderer=http
t=2020-08-30T07:59:40+0800 lvl=info msg="HTTP Server Listen" logger=http.server address=[::]:3000 protocol=http subUrl= socket=
t=2020-08-30T10:17:47+0800 lvl=info msg="Starting Grafana" logger=server version=7.1.5 commit=9893b8c53d branch=HEAD compiled=2020-08-25T16:27:17+0800
t=2020-08-30T10:17:47+0800 lvl=info msg="Config loaded from" logger=settings file=/usr/share/grafana/conf/defaults.ini
t=2020-08-30T10:17:47+0800 lvl=info msg="Config loaded from" logger=settings file=/etc/grafana/grafana.ini
t=2020-08-30T10:17:47+0800 lvl=info msg="Config overridden from command line" logger=settings arg="default.paths.data=/var/lib/grafana"
t=2020-08-30T10:17:47+0800 lvl=info msg="Config overridden from command line" logger=settings arg="default.paths.logs=/var/log/grafana"
t=2020-08-30T10:17:47+0800 lvl=info msg="Config overridden from command line" logger=settings arg="default.paths.plugins=/var/lib/grafana/plugins"
t=2020-08-30T10:17:47+0800 lvl=info msg="Config overridden from command line" logger=settings arg="default.paths.provisioning=/etc/grafana/provisioning"
t=2020-08-30T10:17:47+0800 lvl=info msg="Config overridden from command line" logger=settings arg="default.log.mode=console"
t=2020-08-30T10:17:47+0800 lvl=info msg="Config overridden from Environment variable" logger=settings var="GF_PATHS_DATA=/var/lib/grafana"
t=2020-08-30T10:17:47+0800 lvl=info msg="Config overridden from Environment variable" logger=settings var="GF_PATHS_LOGS=/var/log/grafana"
t=2020-08-30T10:17:47+0800 lvl=info msg="Config overridden from Environment variable" logger=settings var="GF_PATHS_PLUGINS=/var/lib/grafana/plugins"
t=2020-08-30T10:17:47+0800 lvl=info msg="Config overridden from Environment variable" logger=settings var="GF_PATHS_PROVISIONING=/etc/grafana/provisioning"
t=2020-08-30T10:17:47+0800 lvl=info msg="Config overridden from Environment variable" logger=settings var="GF_SMTP_ENABLED=true"
t=2020-08-30T10:17:47+0800 lvl=info msg="Config overridden from Environment variable" logger=settings var="GF_SMTP_HOST=smtp.gmail.com:465"
t=2020-08-30T10:17:47+0800 lvl=info msg="Config overridden from Environment variable" logger=settings var="GF_SMTP_USER=xxxx@gmail.com"
t=2020-08-30T10:17:47+0800 lvl=info msg="Config overridden from Environment variable" logger=settings var="GF_SMTP_PASSWORD=*********"
t=2020-08-30T10:17:47+0800 lvl=info msg="Config overridden from Environment variable" logger=settings var="GF_SMTP_SKIP_VERIFY=true"
t=2020-08-30T10:17:47+0800 lvl=info msg="Config overridden from Environment variable" logger=settings var="GF_SMTP_FROM_ADDRESS=xxxx@gmail.com"
t=2020-08-30T10:17:47+0800 lvl=info msg="Config overridden from Environment variable" logger=settings var="GF_SMTP_FROM_NAME=Grafana"
t=2020-08-30T10:17:47+0800 lvl=info msg="Config overridden from Environment variable" logger=settings var="GF_LOG_FILTERS=rendering:debug"
t=2020-08-30T10:17:47+0800 lvl=info msg="Config overridden from Environment variable" logger=settings var="GF_RENDERING_SERVER_URL=http://grafana-image:8081/render"
t=2020-08-30T10:17:47+0800 lvl=info msg="Config overridden from Environment variable" logger=settings var="GF_RENDERING_CALLBACK_URL=http://grafana:3000/"
t=2020-08-30T10:17:47+0800 lvl=info msg="Path Home" logger=settings path=/usr/share/grafana
t=2020-08-30T10:17:47+0800 lvl=info msg="Path Data" logger=settings path=/var/lib/grafana
t=2020-08-30T10:17:47+0800 lvl=info msg="Path Logs" logger=settings path=/var/log/grafana
t=2020-08-30T10:17:47+0800 lvl=info msg="Path Plugins" logger=settings path=/var/lib/grafana/plugins
t=2020-08-30T10:17:47+0800 lvl=info msg="Path Provisioning" logger=settings path=/etc/grafana/provisioning
t=2020-08-30T10:17:47+0800 lvl=info msg="App mode production" logger=settings
t=2020-08-30T10:17:47+0800 lvl=info msg="Connecting to DB" logger=sqlstore dbtype=sqlite3
t=2020-08-30T10:17:47+0800 lvl=info msg="Starting DB migration" logger=migrator
t=2020-08-30T10:17:47+0800 lvl=info msg="Starting plugin search" logger=plugins
t=2020-08-30T10:17:47+0800 lvl=info msg="Registering plugin" logger=plugins name="Direct Input"
t=2020-08-30T10:17:47+0800 lvl=info msg="Registering plugin" logger=plugins name=Clock
t=2020-08-30T10:17:48+0800 lvl=eror msg="can't read datasource provisioning files from directory" logger=provisioning.datasources path=/etc/grafana/provisioning/datasources error="open /etc/grafana/provisioning/datasources: no such file or directory"
t=2020-08-30T10:17:48+0800 lvl=eror msg="Failed to read plugin provisioning files from directory" logger=provisioning.plugins path=/etc/grafana/provisioning/plugins error="open /etc/grafana/provisioning/plugins: no such file or directory"
t=2020-08-30T10:17:48+0800 lvl=eror msg="Can't read alert notification provisioning files from directory" logger=provisioning.notifiers path=/etc/grafana/provisioning/notifiers error="open /etc/grafana/provisioning/notifiers: no such file or directory"
t=2020-08-30T10:17:48+0800 lvl=info msg="Backend rendering via external http server" logger=rendering renderer=http
t=2020-08-30T10:17:48+0800 lvl=eror msg="can't read dashboard provisioning files from directory" logger=provisioning.dashboard path=/etc/grafana/provisioning/dashboards error="open /etc/grafana/provisioning/dashboards: no such file or directory"
t=2020-08-30T10:17:48+0800 lvl=info msg="HTTP Server Listen" logger=http.server address=[::]:3000 protocol=http subUrl= socket=
t=2020-08-30T10:20:20+0800 lvl=info msg="Shutdown started" logger=server reason="System signal: terminated"
t=2020-08-30T10:20:20+0800 lvl=info msg="Stopped Stream Manager"
t=2020-08-30T10:23:25+0800 lvl=info msg="Starting Grafana" logger=server version=7.1.5 commit=9893b8c53d branch=HEAD compiled=2020-08-25T16:27:17+0800
t=2020-08-30T10:23:25+0800 lvl=info msg="Config loaded from" logger=settings file=/usr/share/grafana/conf/defaults.ini
t=2020-08-30T10:23:25+0800 lvl=info msg="Config loaded from" logger=settings file=/etc/grafana/grafana.ini
t=2020-08-30T10:23:25+0800 lvl=info msg="Config overridden from command line" logger=settings arg="default.paths.data=/var/lib/grafana"
t=2020-08-30T10:23:25+0800 lvl=info msg="Config overridden from command line" logger=settings arg="default.paths.logs=/var/log/grafana"
t=2020-08-30T10:23:25+0800 lvl=info msg="Config overridden from command line" logger=settings arg="default.paths.plugins=/var/lib/grafana/plugins"
t=2020-08-30T10:23:25+0800 lvl=info msg="Config overridden from command line" logger=settings arg="default.paths.provisioning=/etc/grafana/provisioning"
t=2020-08-30T10:23:25+0800 lvl=info msg="Config overridden from command line" logger=settings arg="default.log.mode=console"
t=2020-08-30T10:23:25+0800 lvl=info msg="Config overridden from Environment variable" logger=settings var="GF_PATHS_DATA=/var/lib/grafana"
t=2020-08-30T10:23:25+0800 lvl=info msg="Config overridden from Environment variable" logger=settings var="GF_PATHS_LOGS=/var/log/grafana"
t=2020-08-30T10:23:25+0800 lvl=info msg="Config overridden from Environment variable" logger=settings var="GF_PATHS_PLUGINS=/var/lib/grafana/plugins"
t=2020-08-30T10:23:25+0800 lvl=info msg="Config overridden from Environment variable" logger=settings var="GF_PATHS_PROVISIONING=/etc/grafana/provisioning"
t=2020-08-30T10:23:25+0800 lvl=info msg="Config overridden from Environment variable" logger=settings var="GF_SMTP_ENABLED=true"
t=2020-08-30T10:23:25+0800 lvl=info msg="Config overridden from Environment variable" logger=settings var="GF_SMTP_HOST=smtp.gmail.com:465"
t=2020-08-30T10:23:25+0800 lvl=info msg="Config overridden from Environment variable" logger=settings var="GF_SMTP_USER=xxxx@gmail.com"
t=2020-08-30T10:23:25+0800 lvl=info msg="Config overridden from Environment variable" logger=settings var="GF_SMTP_PASSWORD=*********"
t=2020-08-30T10:23:25+0800 lvl=info msg="Config overridden from Environment variable" logger=settings var="GF_SMTP_SKIP_VERIFY=true"
t=2020-08-30T10:23:25+0800 lvl=info msg="Config overridden from Environment variable" logger=settings var="GF_SMTP_FROM_ADDRESS=xxxx@gmail.com"
t=2020-08-30T10:23:25+0800 lvl=info msg="Config overridden from Environment variable" logger=settings var="GF_SMTP_FROM_NAME=Grafana"
t=2020-08-30T10:23:26+0800 lvl=info msg="Config overridden from Environment variable" logger=settings var="GF_LOG_FILTERS=rendering:debug"
t=2020-08-30T10:23:26+0800 lvl=info msg="Config overridden from Environment variable" logger=settings var="GF_RENDERING_SERVER_URL=http://grafana-image:8081/render"
t=2020-08-30T10:23:26+0800 lvl=info msg="Config overridden from Environment variable" logger=settings var="GF_RENDERING_CALLBACK_URL=http://grafana:3000/"
t=2020-08-30T10:23:26+0800 lvl=info msg="Path Home" logger=settings path=/usr/share/grafana
t=2020-08-30T10:23:26+0800 lvl=info msg="Path Data" logger=settings path=/var/lib/grafana
t=2020-08-30T10:23:26+0800 lvl=info msg="Path Logs" logger=settings path=/var/log/grafana
t=2020-08-30T10:23:26+0800 lvl=info msg="Path Plugins" logger=settings path=/var/lib/grafana/plugins
t=2020-08-30T10:23:26+0800 lvl=info msg="Path Provisioning" logger=settings path=/etc/grafana/provisioning
t=2020-08-30T10:23:26+0800 lvl=info msg="App mode production" logger=settings
t=2020-08-30T10:23:26+0800 lvl=info msg="Connecting to DB" logger=sqlstore dbtype=sqlite3
t=2020-08-30T10:23:26+0800 lvl=info msg="Starting DB migration" logger=migrator
t=2020-08-30T10:23:26+0800 lvl=info msg="Starting plugin search" logger=plugins
t=2020-08-30T10:23:26+0800 lvl=info msg="Registering plugin" logger=plugins name="Direct Input"
t=2020-08-30T10:23:26+0800 lvl=info msg="Registering plugin" logger=plugins name=Clock
t=2020-08-30T10:23:26+0800 lvl=eror msg="can't read datasource provisioning files from directory" logger=provisioning.datasources path=/etc/grafana/provisioning/datasources error="open /etc/grafana/provisioning/datasources: no such file or directory"
t=2020-08-30T10:23:26+0800 lvl=eror msg="Failed to read plugin provisioning files from directory" logger=provisioning.plugins path=/etc/grafana/provisioning/plugins error="open /etc/grafana/provisioning/plugins: no such file or directory"
t=2020-08-30T10:23:26+0800 lvl=eror msg="Can't read alert notification provisioning files from directory" logger=provisioning.notifiers path=/etc/grafana/provisioning/notifiers error="open /etc/grafana/provisioning/notifiers: no such file or directory"
t=2020-08-30T10:23:26+0800 lvl=eror msg="can't read dashboard provisioning files from directory" logger=provisioning.dashboard path=/etc/grafana/provisioning/dashboards error="open /etc/grafana/provisioning/dashboards: no such file or directory"
t=2020-08-30T10:23:26+0800 lvl=info msg="HTTP Server Listen" logger=http.server address=[::]:3000 protocol=http subUrl= socket=
t=2020-08-30T10:23:26+0800 lvl=info msg="Backend rendering via external http server" logger=rendering renderer=http
t=2020-08-30T10:32:06+0800 lvl=info msg="Shutdown started" logger=server reason="System signal: terminated"
t=2020-08-30T10:32:06+0800 lvl=info msg="Stopped Stream Manager"
t=2020-08-30T10:32:06+0800 lvl=info msg="Starting Grafana" logger=server version=7.1.5 commit=9893b8c53d branch=HEAD compiled=2020-08-25T16:27:17+0800
t=2020-08-30T10:32:06+0800 lvl=info msg="Config loaded from" logger=settings file=/usr/share/grafana/conf/defaults.ini
t=2020-08-30T10:32:06+0800 lvl=info msg="Config loaded from" logger=settings file=/etc/grafana/grafana.ini
t=2020-08-30T10:32:06+0800 lvl=info msg="Config overridden from command line" logger=settings arg="default.paths.data=/var/lib/grafana"
t=2020-08-30T10:32:06+0800 lvl=info msg="Config overridden from command line" logger=settings arg="default.paths.logs=/var/log/grafana"
t=2020-08-30T10:32:06+0800 lvl=info msg="Config overridden from command line" logger=settings arg="default.paths.plugins=/var/lib/grafana/plugins"
t=2020-08-30T10:32:06+0800 lvl=info msg="Config overridden from command line" logger=settings arg="default.paths.provisioning=/etc/grafana/provisioning"
t=2020-08-30T10:32:06+0800 lvl=info msg="Config overridden from command line" logger=settings arg="default.log.mode=console"
t=2020-08-30T10:32:06+0800 lvl=info msg="Config overridden from Environment variable" logger=settings var="GF_PATHS_DATA=/var/lib/grafana"
t=2020-08-30T10:32:06+0800 lvl=info msg="Config overridden from Environment variable" logger=settings var="GF_PATHS_LOGS=/var/log/grafana"
t=2020-08-30T10:32:06+0800 lvl=info msg="Config overridden from Environment variable" logger=settings var="GF_PATHS_PLUGINS=/var/lib/grafana/plugins"
t=2020-08-30T10:32:06+0800 lvl=info msg="Config overridden from Environment variable" logger=settings var="GF_PATHS_PROVISIONING=/etc/grafana/provisioning"
t=2020-08-30T10:32:06+0800 lvl=info msg="Config overridden from Environment variable" logger=settings var="GF_SMTP_ENABLED=true"
t=2020-08-30T10:32:06+0800 lvl=info msg="Config overridden from Environment variable" logger=settings var="GF_SMTP_HOST=smtp.gmail.com:465"
t=2020-08-30T10:32:06+0800 lvl=info msg="Config overridden from Environment variable" logger=settings var="GF_SMTP_USER=xxxx@gmail.com"
t=2020-08-30T10:32:06+0800 lvl=info msg="Config overridden from Environment variable" logger=settings var="GF_SMTP_PASSWORD=*********"
t=2020-08-30T10:32:06+0800 lvl=info msg="Config overridden from Environment variable" logger=settings var="GF_SMTP_SKIP_VERIFY=true"
t=2020-08-30T10:32:06+0800 lvl=info msg="Config overridden from Environment variable" logger=settings var="GF_SMTP_FROM_ADDRESS=xxxx@gmail.com"
t=2020-08-30T10:32:06+0800 lvl=info msg="Config overridden from Environment variable" logger=settings var="GF_SMTP_FROM_NAME=Grafana"
t=2020-08-30T10:32:06+0800 lvl=info msg="Config overridden from Environment variable" logger=settings var="GF_LOG_FILTERS=rendering:debug"
t=2020-08-30T10:32:06+0800 lvl=info msg="Config overridden from Environment variable" logger=settings var="GF_RENDERING_SERVER_URL=http://grafana-image:8081/render"
t=2020-08-30T10:32:06+0800 lvl=info msg="Config overridden from Environment variable" logger=settings var="GF_RENDERING_CALLBACK_URL=http://grafana:3000/"
t=2020-08-30T10:32:06+0800 lvl=info msg="Path Home" logger=settings path=/usr/share/grafana
t=2020-08-30T10:32:06+0800 lvl=info msg="Path Data" logger=settings path=/var/lib/grafana
t=2020-08-30T10:32:06+0800 lvl=info msg="Path Logs" logger=settings path=/var/log/grafana
t=2020-08-30T10:32:06+0800 lvl=info msg="Path Plugins" logger=settings path=/var/lib/grafana/plugins
t=2020-08-30T10:32:06+0800 lvl=info msg="Path Provisioning" logger=settings path=/etc/grafana/provisioning
t=2020-08-30T10:32:06+0800 lvl=info msg="App mode production" logger=settings
t=2020-08-30T10:32:06+0800 lvl=info msg="Connecting to DB" logger=sqlstore dbtype=sqlite3
t=2020-08-30T10:32:06+0800 lvl=info msg="Starting DB migration" logger=migrator
t=2020-08-30T10:32:06+0800 lvl=info msg="Starting plugin search" logger=plugins
t=2020-08-30T10:32:06+0800 lvl=info msg="Registering plugin" logger=plugins name="Direct Input"
t=2020-08-30T10:32:06+0800 lvl=info msg="Registering plugin" logger=plugins name=Clock
t=2020-08-30T10:32:07+0800 lvl=info msg="Registering plugin" logger=plugins name="Google Sheets"
t=2020-08-30T10:32:07+0800 lvl=eror msg="can't read datasource provisioning files from directory" logger=provisioning.datasources path=/etc/grafana/provisioning/datasources error="open /etc/grafana/provisioning/datasources: no such file or directory"
t=2020-08-30T10:32:07+0800 lvl=eror msg="Failed to read plugin provisioning files from directory" logger=provisioning.plugins path=/etc/grafana/provisioning/plugins error="open /etc/grafana/provisioning/plugins: no such file or directory"
t=2020-08-30T10:32:07+0800 lvl=eror msg="Can't read alert notification provisioning files from directory" logger=provisioning.notifiers path=/etc/grafana/provisioning/notifiers error="open /etc/grafana/provisioning/notifiers: no such file or directory"
t=2020-08-30T10:32:07+0800 lvl=eror msg="can't read dashboard provisioning files from directory" logger=provisioning.dashboard path=/etc/grafana/provisioning/dashboards error="open /etc/grafana/provisioning/dashboards: no such file or directory"
t=2020-08-30T10:32:07+0800 lvl=info msg="Backend rendering via external http server" logger=rendering renderer=http
t=2020-08-30T10:32:07+0800 lvl=info msg="HTTP Server Listen" logger=http.server address=[::]:3000 protocol=http subUrl= socket=
t=2020-08-30T10:32:07+0800 lvl=info msg=Profiler logger=plugins.backend pluginId=grafana-googlesheets-datasource enabled=false
t=2020-08-30T10:36:02+0800 lvl=eror msg="Query failed" logger=plugins.backend pluginId=grafana-googlesheets-datasource error="googleapi: Error 403: Google Sheets API has not been used in project 139501744359 before or it is disabled. Enable it by visiting https://console.developers.google.com/apis/api/sheets.googleapis.com/overview?project=139501744359 then retry. If you enabled this API recently, wait a few minutes for the action to propagate to our systems and retry., accessNotConfigured" refId=A
t=2020-08-30T10:36:02+0800 lvl=info msg="Request Completed" logger=context userId=1 orgId=1 uname=admin method=POST path=/api/ds/query status=400 remote_addr=172.18.0.1 time_ms=401 size=835 referer="http://localhost:3000/d/9FQBljNMz/home-switches?editPanel=24&orgId=1&refresh=30s"
t=2020-08-30T10:36:24+0800 lvl=eror msg="Query failed" logger=plugins.backend pluginId=grafana-googlesheets-datasource error="googleapi: Error 403: Google Sheets API has not been used in project 139501744359 before or it is disabled. Enable it by visiting https://console.developers.google.com/apis/api/sheets.googleapis.com/overview?project=139501744359 then retry. If you enabled this API recently, wait a few minutes for the action to propagate to our systems and retry., accessNotConfigured" refId=A
t=2020-08-30T10:36:24+0800 lvl=info msg="Request Completed" logger=context userId=1 orgId=1 uname=admin method=POST path=/api/ds/query status=400 remote_addr=172.18.0.1 time_ms=317 size=835 referer="http://localhost:3000/d/9FQBljNMz/home-switches?editPanel=24&orgId=1&refresh=30s"
t=2020-08-30T10:36:35+0800 lvl=eror msg="Query failed" logger=plugins.backend pluginId=grafana-googlesheets-datasource refId=A error="googleapi: Error 403: Google Sheets API has not been used in project 139501744359 before or it is disabled. Enable it by visiting https://console.developers.google.com/apis/api/sheets.googleapis.com/overview?project=139501744359 then retry. If you enabled this API recently, wait a few minutes for the action to propagate to our systems and retry., accessNotConfigured"
t=2020-08-30T10:36:35+0800 lvl=info msg="Request Completed" logger=context userId=1 orgId=1 uname=admin method=POST path=/api/ds/query status=400 remote_addr=172.18.0.1 time_ms=226 size=835 referer="http://localhost:3000/d/9FQBljNMz/home-switches?editPanel=24&orgId=1&refresh=30s"
t=2020-08-30T10:36:54+0800 lvl=eror msg="Query failed" logger=plugins.backend pluginId=grafana-googlesheets-datasource error="googleapi: Error 403: Google Sheets API has not been used in project 139501744359 before or it is disabled. Enable it by visiting https://console.developers.google.com/apis/api/sheets.googleapis.com/overview?project=139501744359 then retry. If you enabled this API recently, wait a few minutes for the action to propagate to our systems and retry., accessNotConfigured" refId=A
t=2020-08-30T10:36:54+0800 lvl=info msg="Request Completed" logger=context userId=1 orgId=1 uname=admin method=POST path=/api/ds/query status=400 remote_addr=172.18.0.1 time_ms=261 size=835 referer="http://localhost:3000/d/9FQBljNMz/home-switches?editPanel=24&orgId=1&refresh=30s"
t=2020-08-30T10:37:24+0800 lvl=eror msg="Query failed" logger=plugins.backend pluginId=grafana-googlesheets-datasource error="googleapi: Error 403: Google Sheets API has not been used in project 139501744359 before or it is disabled. Enable it by visiting https://console.developers.google.com/apis/api/sheets.googleapis.com/overview?project=139501744359 then retry. If you enabled this API recently, wait a few minutes for the action to propagate to our systems and retry., accessNotConfigured" refId=A
t=2020-08-30T10:37:24+0800 lvl=info msg="Request Completed" logger=context userId=1 orgId=1 uname=admin method=POST path=/api/ds/query status=400 remote_addr=172.18.0.1 time_ms=224 size=835 referer="http://localhost:3000/d/9FQBljNMz/home-switches?editPanel=24&orgId=1&refresh=30s"
t=2020-08-30T10:37:39+0800 lvl=eror msg="Query failed" logger=plugins.backend pluginId=grafana-googlesheets-datasource error="googleapi: Error 403: Google Sheets API has not been used in project 139501744359 before or it is disabled. Enable it by visiting https://console.developers.google.com/apis/api/sheets.googleapis.com/overview?project=139501744359 then retry. If you enabled this API recently, wait a few minutes for the action to propagate to our systems and retry., accessNotConfigured" refId=A
t=2020-08-30T10:37:39+0800 lvl=info msg="Request Completed" logger=context userId=1 orgId=1 uname=admin method=POST path=/api/ds/query status=400 remote_addr=172.18.0.1 time_ms=227 size=835 referer="http://localhost:3000/d/9FQBljNMz/home-switches?editPanel=24&orgId=1&refresh=30s"
t=2020-08-30T10:38:04+0800 lvl=eror msg="Query failed" logger=plugins.backend pluginId=grafana-googlesheets-datasource refId=A error="googleapi: Error 403: Google Sheets API has not been used in project 139501744359 before or it is disabled. Enable it by visiting https://console.developers.google.com/apis/api/sheets.googleapis.com/overview?project=139501744359 then retry. If you enabled this API recently, wait a few minutes for the action to propagate to our systems and retry., accessNotConfigured"
t=2020-08-30T10:38:04+0800 lvl=info msg="Request Completed" logger=context userId=1 orgId=1 uname=admin method=POST path=/api/ds/query status=400 remote_addr=172.18.0.1 time_ms=237 size=835 referer="http://localhost:3000/d/9FQBljNMz/home-switches?editPanel=24&orgId=1&refresh=30s"
t=2020-08-30T10:38:25+0800 lvl=info msg="Request Completed" logger=context userId=1 orgId=1 uname=admin method=POST path=/api/ds/query status=400 remote_addr=172.18.0.1 time_ms=228 size=835 referer="http://localhost:3000/d/9FQBljNMz/home-switches?editPanel=24&orgId=1&refresh=30s"
t=2020-08-30T10:38:25+0800 lvl=eror msg="Query failed" logger=plugins.backend pluginId=grafana-googlesheets-datasource error="googleapi: Error 403: Google Sheets API has not been used in project 139501744359 before or it is disabled. Enable it by visiting https://console.developers.google.com/apis/api/sheets.googleapis.com/overview?project=139501744359 then retry. If you enabled this API recently, wait a few minutes for the action to propagate to our systems and retry., accessNotConfigured" refId=A
t=2020-08-30T10:39:44+0800 lvl=eror msg="Query failed" logger=plugins.backend pluginId=grafana-googlesheets-datasource error="googleapi: Error 403: Google Sheets API has not been used in project 139501744359 before or it is disabled. Enable it by visiting https://console.developers.google.com/apis/api/sheets.googleapis.com/overview?project=139501744359 then retry. If you enabled this API recently, wait a few minutes for the action to propagate to our systems and retry., accessNotConfigured" refId=A
t=2020-08-30T10:39:44+0800 lvl=info msg="Request Completed" logger=context userId=1 orgId=1 uname=admin method=POST path=/api/ds/query status=400 remote_addr=172.18.0.1 time_ms=355 size=835 referer="http://localhost:3000/d/9FQBljNMz/home-switches?editPanel=24&orgId=1&refresh=30s"
t=2020-08-30T10:39:47+0800 lvl=eror msg="Query failed" logger=plugins.backend pluginId=grafana-googlesheets-datasource error="googleapi: Error 403: The caller does not have permission, forbidden" refId=A
t=2020-08-30T10:39:47+0800 lvl=info msg="Request Completed" logger=context userId=1 orgId=1 uname=admin method=POST path=/api/ds/query status=400 remote_addr=172.18.0.1 time_ms=317 size=235 referer="http://localhost:3000/d/9FQBljNMz/home-switches?editPanel=24&orgId=1&refresh=30s"
t=2020-08-30T10:40:01+0800 lvl=eror msg="Query failed" logger=plugins.backend pluginId=grafana-googlesheets-datasource error="googleapi: Error 403: The caller does not have permission, forbidden" refId=A
t=2020-08-30T10:40:01+0800 lvl=info msg="Request Completed" logger=context userId=1 orgId=1 uname=admin method=POST path=/api/ds/query status=400 remote_addr=172.18.0.1 time_ms=363 size=235 referer="http://localhost:3000/d/9FQBljNMz/home-switches?editPanel=24&orgId=1&refresh=30s"
t=2020-08-30T10:40:17+0800 lvl=eror msg="Query failed" logger=plugins.backend pluginId=grafana-googlesheets-datasource error="googleapi: Error 403: The caller does not have permission, forbidden" refId=A
t=2020-08-30T10:40:17+0800 lvl=info msg="Request Completed" logger=context userId=1 orgId=1 uname=admin method=POST path=/api/ds/query status=400 remote_addr=172.18.0.1 time_ms=342 size=235 referer="http://localhost:3000/d/9FQBljNMz/home-switches?editPanel=24&orgId=1&refresh=30s"
t=2020-08-30T10:42:24+0800 lvl=eror msg="Query failed" logger=plugins.backend pluginId=grafana-googlesheets-datasource error="googleapi: Error 403: The caller does not have permission, forbidden" refId=A
t=2020-08-30T10:42:24+0800 lvl=info msg="Request Completed" logger=context userId=1 orgId=1 uname=admin method=POST path=/api/ds/query status=400 remote_addr=172.18.0.1 time_ms=600 size=235 referer="http://localhost:3000/d/9FQBljNMz/home-switches?editPanel=24&orgId=1&refresh=30s"
t=2020-08-30T10:43:19+0800 lvl=eror msg="Query failed" logger=plugins.backend pluginId=grafana-googlesheets-datasource error="googleapi: Error 403: The caller does not have permission, forbidden" refId=A
t=2020-08-30T10:43:19+0800 lvl=info msg="Request Completed" logger=context userId=1 orgId=1 uname=admin method=POST path=/api/ds/query status=400 remote_addr=172.18.0.1 time_ms=391 size=235 referer="http://localhost:3000/d/9FQBljNMz/home-switches?editPanel=24&orgId=1&refresh=30s"
t=2020-08-30T10:45:56+0800 lvl=eror msg="Query failed" logger=plugins.backend pluginId=grafana-googlesheets-datasource error="googleapi: Error 403: The caller does not have permission, forbidden" refId=A
t=2020-08-30T10:45:56+0800 lvl=info msg="Request Completed" logger=context userId=1 orgId=1 uname=admin method=POST path=/api/ds/query status=400 remote_addr=172.18.0.1 time_ms=389 size=235 referer="http://localhost:3000/d/9FQBljNMz/home-switches?editPanel=24&orgId=1&refresh=30s"
t=2020-08-30T10:46:02+0800 lvl=eror msg="Query failed" logger=plugins.backend pluginId=grafana-googlesheets-datasource error="googleapi: Error 403: The caller does not have permission, forbidden" refId=A
t=2020-08-30T10:46:02+0800 lvl=info msg="Request Completed" logger=context userId=1 orgId=1 uname=admin method=POST path=/api/ds/query status=400 remote_addr=172.18.0.1 time_ms=319 size=235 referer="http://localhost:3000/d/9FQBljNMz/home-switches?editPanel=24&orgId=1&refresh=30s"
t=2020-08-30T10:46:32+0800 lvl=eror msg="Query failed" logger=plugins.backend pluginId=grafana-googlesheets-datasource error="googleapi: Error 403: The caller does not have permission, forbidden" refId=A
t=2020-08-30T10:46:32+0800 lvl=info msg="Request Completed" logger=context userId=1 orgId=1 uname=admin method=POST path=/api/ds/query status=400 remote_addr=172.18.0.1 time_ms=326 size=235 referer="http://localhost:3000/d/9FQBljNMz/home-switches?editPanel=24&orgId=1&refresh=30s"
t=2020-08-30T10:47:44+0800 lvl=eror msg="Query failed" logger=plugins.backend pluginId=grafana-googlesheets-datasource error="googleapi: Error 403: The caller does not have permission, forbidden" refId=A
t=2020-08-30T10:47:44+0800 lvl=info msg="Request Completed" logger=context userId=1 orgId=1 uname=admin method=POST path=/api/ds/query status=400 remote_addr=172.18.0.1 time_ms=318 size=235 referer="http://localhost:3000/d/9FQBljNMz/home-switches?editPanel=24&orgId=1&refresh=30s"
t=2020-08-30T10:47:49+0800 lvl=eror msg="Query failed" logger=plugins.backend pluginId=grafana-googlesheets-datasource error="googleapi: Error 403: The caller does not have permission, forbidden" refId=A
t=2020-08-30T10:47:49+0800 lvl=info msg="Request Completed" logger=context userId=1 orgId=1 uname=admin method=POST path=/api/ds/query status=400 remote_addr=172.18.0.1 time_ms=296 size=235 referer="http://localhost:3000/d/9FQBljNMz/home-switches?editPanel=24&orgId=1&refresh=30s"
t=2020-08-30T10:51:59+0800 lvl=eror msg="Query failed" logger=plugins.backend pluginId=grafana-googlesheets-datasource refId=A error="googleapi: Error 403: The caller does not have permission, forbidden"
t=2020-08-30T10:51:59+0800 lvl=info msg="Request Completed" logger=context userId=1 orgId=1 uname=admin method=POST path=/api/ds/query status=400 remote_addr=172.18.0.1 time_ms=525 size=235 referer="http://localhost:3000/d/9FQBljNMz/home-switches?orgId=1&refresh=30s"
t=2020-08-30T10:52:29+0800 lvl=eror msg="Query failed" logger=plugins.backend pluginId=grafana-googlesheets-datasource error="googleapi: Error 403: The caller does not have permission, forbidden" refId=A
t=2020-08-30T10:52:29+0800 lvl=info msg="Request Completed" logger=context userId=1 orgId=1 uname=admin method=POST path=/api/ds/query status=400 remote_addr=172.18.0.1 time_ms=432 size=235 referer="http://localhost:3000/d/9FQBljNMz/home-switches?inspect=23763571993&inspectTab=error&editPanel=24&orgId=1&refresh=30s"
t=2020-08-30T10:52:47+0800 lvl=eror msg="Query failed" logger=plugins.backend pluginId=grafana-googlesheets-datasource error="googleapi: Error 403: The caller does not have permission, forbidden" refId=A
t=2020-08-30T10:52:47+0800 lvl=info msg="Request Completed" logger=context userId=1 orgId=1 uname=admin method=POST path=/api/ds/query status=400 remote_addr=172.18.0.1 time_ms=503 size=235 referer="http://localhost:3000/d/9FQBljNMz/home-switches?inspect=23763571993&inspectTab=error&editPanel=24&orgId=1&refresh=30s"
t=2020-08-30T10:56:00+0800 lvl=eror msg="Metric request error" logger=context userId=1 orgId=1 uname=admin error="rpc error: code = Canceled desc = context canceled" remote_addr=172.18.0.1
t=2020-08-30T10:56:00+0800 lvl=eror msg="Request Completed" logger=context userId=1 orgId=1 uname=admin method=POST path=/api/ds/query status=500 remote_addr=172.18.0.1 time_ms=193 size=34 referer="http://localhost:3000/d/9FQBljNMz/home-switches?inspect=23763571993&inspectTab=error&editPanel=24&orgId=1&refresh=30s"
t=2020-08-30T10:56:01+0800 lvl=eror msg="Query failed" logger=plugins.backend pluginId=grafana-googlesheets-datasource error="googleapi: Error 403: The caller does not have permission, forbidden" refId=A
t=2020-08-30T10:56:01+0800 lvl=info msg="Request Completed" logger=context userId=1 orgId=1 uname=admin method=POST path=/api/ds/query status=400 remote_addr=172.18.0.1 time_ms=453 size=235 referer="http://localhost:3000/d/9FQBljNMz/home-switches?inspect=23763571993&inspectTab=error&editPanel=24&orgId=1&refresh=30s"
t=2020-08-30T10:56:01+0800 lvl=eror msg="Query failed" logger=plugins.backend pluginId=grafana-googlesheets-datasource error="googleapi: Error 403: The caller does not have permission, forbidden" refId=A
t=2020-08-30T10:56:09+0800 lvl=eror msg="Query failed" logger=plugins.backend pluginId=grafana-googlesheets-datasource error="googleapi: Error 403: The caller does not have permission, forbidden" refId=A
t=2020-08-30T10:56:09+0800 lvl=info msg="Request Completed" logger=context userId=1 orgId=1 uname=admin method=POST path=/api/ds/query status=400 remote_addr=172.18.0.1 time_ms=496 size=235 referer="http://localhost:3000/d/9FQBljNMz/home-switches?editPanel=24&orgId=1&refresh=30s"
t=2020-08-30T10:56:39+0800 lvl=eror msg="Query failed" logger=plugins.backend pluginId=grafana-googlesheets-datasource error="googleapi: Error 403: The caller does not have permission, forbidden" refId=A
t=2020-08-30T10:56:39+0800 lvl=info msg="Request Completed" logger=context userId=1 orgId=1 uname=admin method=POST path=/api/ds/query status=400 remote_addr=172.18.0.1 time_ms=402 size=235 referer="http://localhost:3000/d/9FQBljNMz/home-switches?inspect=23763571993&inspectTab=error&editPanel=24&orgId=1&refresh=30s"
t=2020-08-30T10:57:09+0800 lvl=eror msg="Query failed" logger=plugins.backend pluginId=grafana-googlesheets-datasource error="googleapi: Error 403: The caller does not have permission, forbidden" refId=A
t=2020-08-30T10:57:09+0800 lvl=info msg="Request Completed" logger=context userId=1 orgId=1 uname=admin method=POST path=/api/ds/query status=400 remote_addr=172.18.0.1 time_ms=428 size=235 referer="http://localhost:3000/d/9FQBljNMz/home-switches?inspect=23763571993&inspectTab=error&editPanel=24&orgId=1&refresh=30s"
t=2020-08-30T10:57:39+0800 lvl=eror msg="Query failed" logger=plugins.backend pluginId=grafana-googlesheets-datasource error="googleapi: Error 403: The caller does not have permission, forbidden" refId=A
t=2020-08-30T10:57:39+0800 lvl=info msg="Request Completed" logger=context userId=1 orgId=1 uname=admin method=POST path=/api/ds/query status=400 remote_addr=172.18.0.1 time_ms=431 size=235 referer="http://localhost:3000/d/9FQBljNMz/home-switches?inspect=23763571993&inspectTab=error&editPanel=24&orgId=1&refresh=30s"
t=2020-08-30T10:58:09+0800 lvl=eror msg="Query failed" logger=plugins.backend pluginId=grafana-googlesheets-datasource error="googleapi: Error 403: The caller does not have permission, forbidden" refId=A
t=2020-08-30T10:58:09+0800 lvl=info msg="Request Completed" logger=context userId=1 orgId=1 uname=admin method=POST path=/api/ds/query status=400 remote_addr=172.18.0.1 time_ms=433 size=235 referer="http://localhost:3000/d/9FQBljNMz/home-switches?inspect=23763571993&inspectTab=error&editPanel=24&orgId=1&refresh=30s"
t=2020-08-30T11:00:43+0800 lvl=eror msg="Metric request error" logger=context userId=1 orgId=1 uname=admin error="rpc error: code = Canceled desc = context canceled" remote_addr=172.18.0.1
t=2020-08-30T11:00:43+0800 lvl=eror msg="Request Completed" logger=context userId=1 orgId=1 uname=admin method=POST path=/api/ds/query status=500 remote_addr=172.18.0.1 time_ms=281 size=34 referer="http://localhost:3000/d/9FQBljNMz/home-switches?inspect=23763571993&inspectTab=error&editPanel=24&orgId=1&refresh=30s"
t=2020-08-30T11:18:44+0800 lvl=info msg="Executing line notification" logger=alerting.notifier.line ruleId=0 notification=LINE
t=2020-08-30T11:18:44+0800 lvl=info msg="Creating Line notify" logger=alerting.notifier.line ruleId=0 notification=LINE
t=2020-08-30T11:22:50+0800 lvl=info msg="Shutdown started" logger=server reason="System signal: terminated"
t=2020-08-30T11:22:50+0800 lvl=info msg="Stopped Stream Manager"
t=2020-08-30T11:22:58+0800 lvl=info msg="Starting Grafana" logger=server version=7.1.5 commit=9893b8c53d branch=HEAD compiled=2020-08-25T16:27:17+0800
t=2020-08-30T11:22:58+0800 lvl=info msg="Config loaded from" logger=settings file=/usr/share/grafana/conf/defaults.ini
t=2020-08-30T11:22:58+0800 lvl=info msg="Config loaded from" logger=settings file=/etc/grafana/grafana.ini
t=2020-08-30T11:22:58+0800 lvl=info msg="Config overridden from command line" logger=settings arg="default.paths.data=/var/lib/grafana"
t=2020-08-30T11:22:58+0800 lvl=info msg="Config overridden from command line" logger=settings arg="default.paths.logs=/var/log/grafana"
t=2020-08-30T11:22:58+0800 lvl=info msg="Config overridden from command line" logger=settings arg="default.paths.plugins=/var/lib/grafana/plugins"
t=2020-08-30T11:22:58+0800 lvl=info msg="Config overridden from command line" logger=settings arg="default.paths.provisioning=/etc/grafana/provisioning"
t=2020-08-30T11:22:58+0800 lvl=info msg="Config overridden from command line" logger=settings arg="default.log.mode=console"
t=2020-08-30T11:22:58+0800 lvl=info msg="Config overridden from Environment variable" logger=settings var="GF_PATHS_DATA=/var/lib/grafana"
t=2020-08-30T11:22:58+0800 lvl=info msg="Config overridden from Environment variable" logger=settings var="GF_PATHS_LOGS=/var/log/grafana"
t=2020-08-30T11:22:58+0800 lvl=info msg="Config overridden from Environment variable" logger=settings var="GF_PATHS_PLUGINS=/var/lib/grafana/plugins"
t=2020-08-30T11:22:58+0800 lvl=info msg="Config overridden from Environment variable" logger=settings var="GF_PATHS_PROVISIONING=/etc/grafana/provisioning"
t=2020-08-30T11:22:58+0800 lvl=info msg="Config overridden from Environment variable" logger=settings var="GF_SMTP_ENABLED=true"
t=2020-08-30T11:22:58+0800 lvl=info msg="Config overridden from Environment variable" logger=settings var="GF_SMTP_HOST=smtp.gmail.com:465"
t=2020-08-30T11:22:58+0800 lvl=info msg="Config overridden from Environment variable" logger=settings var="GF_SMTP_USER=tiun.hl@gmail.com"
t=2020-08-30T11:22:58+0800 lvl=info msg="Config overridden from Environment variable" logger=settings var="GF_SMTP_PASSWORD=*********"
t=2020-08-30T11:22:58+0800 lvl=info msg="Config overridden from Environment variable" logger=settings var="GF_SMTP_SKIP_VERIFY=true"
t=2020-08-30T11:22:58+0800 lvl=info msg="Config overridden from Environment variable" logger=settings var="GF_SMTP_FROM_ADDRESS=xxxx@gmail.com"
t=2020-08-30T11:22:58+0800 lvl=info msg="Config overridden from Environment variable" logger=settings var="GF_SMTP_FROM_NAME=Grafana"
t=2020-08-30T11:22:58+0800 lvl=info msg="Config overridden from Environment variable" logger=settings var="GF_LOG_FILTERS=rendering:debug"
t=2020-08-30T11:22:58+0800 lvl=info msg="Config overridden from Environment variable" logger=settings var="GF_RENDERING_SERVER_URL=http://grafana-image:8081/render"
t=2020-08-30T11:22:58+0800 lvl=info msg="Config overridden from Environment variable" logger=settings var="GF_RENDERING_CALLBACK_URL=http://grafana:3000/"
t=2020-08-30T11:22:58+0800 lvl=info msg="Path Home" logger=settings path=/usr/share/grafana
t=2020-08-30T11:22:58+0800 lvl=info msg="Path Data" logger=settings path=/var/lib/grafana
t=2020-08-30T11:22:58+0800 lvl=info msg="Path Logs" logger=settings path=/var/log/grafana
t=2020-08-30T11:22:58+0800 lvl=info msg="Path Plugins" logger=settings path=/var/lib/grafana/plugins
t=2020-08-30T11:22:58+0800 lvl=info msg="Path Provisioning" logger=settings path=/etc/grafana/provisioning
t=2020-08-30T11:22:58+0800 lvl=info msg="App mode production" logger=settings
t=2020-08-30T11:22:58+0800 lvl=info msg="Connecting to DB" logger=sqlstore dbtype=sqlite3
t=2020-08-30T11:22:58+0800 lvl=info msg="Starting DB migration" logger=migrator
t=2020-08-30T11:22:58+0800 lvl=info msg="Starting plugin search" logger=plugins
t=2020-08-30T11:22:58+0800 lvl=info msg="Registering plugin" logger=plugins name="Direct Input"
t=2020-08-30T11:22:58+0800 lvl=info msg="Registering plugin" logger=plugins name=Clock
t=2020-08-30T11:22:59+0800 lvl=info msg="Registering plugin" logger=plugins name="Google Sheets"
t=2020-08-30T11:22:59+0800 lvl=eror msg="can't read datasource provisioning files from directory" logger=provisioning.datasources path=/etc/grafana/provisioning/datasources error="open /etc/grafana/provisioning/datasources: no such file or directory"
t=2020-08-30T11:22:59+0800 lvl=eror msg="Failed to read plugin provisioning files from directory" logger=provisioning.plugins path=/etc/grafana/provisioning/plugins error="open /etc/grafana/provisioning/plugins: no such file or directory"
t=2020-08-30T11:22:59+0800 lvl=eror msg="Can't read alert notification provisioning files from directory" logger=provisioning.notifiers path=/etc/grafana/provisioning/notifiers error="open /etc/grafana/provisioning/notifiers: no such file or directory"
t=2020-08-30T11:22:59+0800 lvl=info msg="Backend rendering via external http server" logger=rendering renderer=http
t=2020-08-30T11:22:59+0800 lvl=info msg="HTTP Server Listen" logger=http.server address=[::]:3000 protocol=http subUrl= socket=
t=2020-08-30T11:22:59+0800 lvl=eror msg="can't read dashboard provisioning files from directory" logger=provisioning.dashboard path=/etc/grafana/provisioning/dashboards error="open /etc/grafana/provisioning/dashboards: no such file or directory"
t=2020-08-30T11:22:59+0800 lvl=info msg=Profiler logger=plugins.backend pluginId=grafana-googlesheets-datasource enabled=false
t=2020-08-30T11:24:19+0800 lvl=info msg="Sending alert notification to" logger=alerting.notifier.email addresses="[tiun.hl@gmail.com warren.chang@ap.logicalis.com]" singleEmail=false
t=2020-08-30T11:24:21+0800 lvl=eror msg="Failed to send alert notification email" logger=alerting.notifier.email error="Failed to send notification to email addresses: warren.chang@ap.logicalis.com: 535 5.7.8 Username and Password not accepted. Learn more at\n5.7.8  https://support.google.com/mail/?p=BadCredentials o16sm4247887pfu.188 - gsmtp"
t=2020-08-30T11:24:21+0800 lvl=eror msg="failed to send notification" logger=alerting.notifier uid= error="Failed to send notification to email addresses: warren.chang@ap.logicalis.com: 535 5.7.8 Username and Password not accepted. Learn more at\n5.7.8  https://support.google.com/mail/?p=BadCredentials o16sm4247887pfu.188 - gsmtp"
t=2020-08-30T11:24:21+0800 lvl=eror msg="failed to send notification" logger=alerting.notifier uid= error="Failed to send notification to email addresses: warren.chang@ap.logicalis.com: 535 5.7.8 Username and Password not accepted. Learn more at\n5.7.8  https://support.google.com/mail/?p=BadCredentials o16sm4247887pfu.188 - gsmtp"
t=2020-08-30T11:24:21+0800 lvl=eror msg="Failed to send alert notifications" logger=context userId=1 orgId=1 uname=admin error="Failed to send notification to email addresses: warren.chang@ap.logicalis.com: 535 5.7.8 Username and Password not accepted. Learn more at\n5.7.8  https://support.google.com/mail/?p=BadCredentials o16sm4247887pfu.188 - gsmtp" remote_addr=172.18.0.1
t=2020-08-30T11:24:21+0800 lvl=eror msg="Request Completed" logger=context userId=1 orgId=1 uname=admin method=POST path=/api/alert-notifications/test status=500 remote_addr=172.18.0.1 time_ms=2365 size=48 referer=http://localhost:3000/alerting/notification/2/edit
t=2020-08-30T11:26:24+0800 lvl=info msg="Shutdown started" logger=server reason="System signal: terminated"
t=2020-08-30T11:26:24+0800 lvl=info msg="Stopped Stream Manager"
t=2020-08-30T11:26:33+0800 lvl=info msg="Starting Grafana" logger=server version=7.1.5 commit=9893b8c53d branch=HEAD compiled=2020-08-25T16:27:17+0800
t=2020-08-30T11:26:33+0800 lvl=info msg="Config loaded from" logger=settings file=/usr/share/grafana/conf/defaults.ini
t=2020-08-30T11:26:33+0800 lvl=info msg="Config loaded from" logger=settings file=/etc/grafana/grafana.ini
t=2020-08-30T11:26:33+0800 lvl=info msg="Config overridden from command line" logger=settings arg="default.paths.data=/var/lib/grafana"
t=2020-08-30T11:26:33+0800 lvl=info msg="Config overridden from command line" logger=settings arg="default.paths.logs=/var/log/grafana"
t=2020-08-30T11:26:33+0800 lvl=info msg="Config overridden from command line" logger=settings arg="default.paths.plugins=/var/lib/grafana/plugins"
t=2020-08-30T11:26:33+0800 lvl=info msg="Config overridden from command line" logger=settings arg="default.paths.provisioning=/etc/grafana/provisioning"
t=2020-08-30T11:26:33+0800 lvl=info msg="Config overridden from command line" logger=settings arg="default.log.mode=console"
t=2020-08-30T11:26:33+0800 lvl=info msg="Config overridden from Environment variable" logger=settings var="GF_PATHS_DATA=/var/lib/grafana"
t=2020-08-30T11:26:33+0800 lvl=info msg="Config overridden from Environment variable" logger=settings var="GF_PATHS_LOGS=/var/log/grafana"
t=2020-08-30T11:26:33+0800 lvl=info msg="Config overridden from Environment variable" logger=settings var="GF_PATHS_PLUGINS=/var/lib/grafana/plugins"
t=2020-08-30T11:26:33+0800 lvl=info msg="Config overridden from Environment variable" logger=settings var="GF_PATHS_PROVISIONING=/etc/grafana/provisioning"
t=2020-08-30T11:26:33+0800 lvl=info msg="Config overridden from Environment variable" logger=settings var="GF_SMTP_ENABLED=true"
t=2020-08-30T11:26:33+0800 lvl=info msg="Config overridden from Environment variable" logger=settings var="GF_SMTP_HOST=smtp.gmail.com:465"
t=2020-08-30T11:26:33+0800 lvl=info msg="Config overridden from Environment variable" logger=settings var="GF_SMTP_USER=tiun.hl@gmail.com"
t=2020-08-30T11:26:33+0800 lvl=info msg="Config overridden from Environment variable" logger=settings var="GF_SMTP_PASSWORD=*********"
t=2020-08-30T11:26:33+0800 lvl=info msg="Config overridden from Environment variable" logger=settings var="GF_SMTP_SKIP_VERIFY=true"
t=2020-08-30T11:26:33+0800 lvl=info msg="Config overridden from Environment variable" logger=settings var="GF_SMTP_FROM_ADDRESS=xxxx@gmail.com"
t=2020-08-30T11:26:33+0800 lvl=info msg="Config overridden from Environment variable" logger=settings var="GF_SMTP_FROM_NAME=Grafana"
t=2020-08-30T11:26:33+0800 lvl=info msg="Config overridden from Environment variable" logger=settings var="GF_LOG_FILTERS=rendering:debug"
t=2020-08-30T11:26:33+0800 lvl=info msg="Config overridden from Environment variable" logger=settings var="GF_RENDERING_SERVER_URL=http://grafana-image:8081/render"
t=2020-08-30T11:26:33+0800 lvl=info msg="Config overridden from Environment variable" logger=settings var="GF_RENDERING_CALLBACK_URL=http://grafana:3000/"
t=2020-08-30T11:26:33+0800 lvl=info msg="Path Home" logger=settings path=/usr/share/grafana
t=2020-08-30T11:26:33+0800 lvl=info msg="Path Data" logger=settings path=/var/lib/grafana
t=2020-08-30T11:26:33+0800 lvl=info msg="Path Logs" logger=settings path=/var/log/grafana
t=2020-08-30T11:26:33+0800 lvl=info msg="Path Plugins" logger=settings path=/var/lib/grafana/plugins
t=2020-08-30T11:26:33+0800 lvl=info msg="Path Provisioning" logger=settings path=/etc/grafana/provisioning
t=2020-08-30T11:26:33+0800 lvl=info msg="App mode production" logger=settings
t=2020-08-30T11:26:33+0800 lvl=info msg="Connecting to DB" logger=sqlstore dbtype=sqlite3
t=2020-08-30T11:26:33+0800 lvl=info msg="Starting DB migration" logger=migrator
t=2020-08-30T11:26:33+0800 lvl=info msg="Starting plugin search" logger=plugins
t=2020-08-30T11:26:33+0800 lvl=info msg="Registering plugin" logger=plugins name="Direct Input"
t=2020-08-30T11:26:33+0800 lvl=info msg="Registering plugin" logger=plugins name=Clock
t=2020-08-30T11:26:33+0800 lvl=info msg="Registering plugin" logger=plugins name="Google Sheets"
t=2020-08-30T11:26:33+0800 lvl=eror msg="can't read datasource provisioning files from directory" logger=provisioning.datasources path=/etc/grafana/provisioning/datasources error="open /etc/grafana/provisioning/datasources: no such file or directory"
t=2020-08-30T11:26:33+0800 lvl=eror msg="Failed to read plugin provisioning files from directory" logger=provisioning.plugins path=/etc/grafana/provisioning/plugins error="open /etc/grafana/provisioning/plugins: no such file or directory"
t=2020-08-30T11:26:33+0800 lvl=eror msg="Can't read alert notification provisioning files from directory" logger=provisioning.notifiers path=/etc/grafana/provisioning/notifiers error="open /etc/grafana/provisioning/notifiers: no such file or directory"
t=2020-08-30T11:26:33+0800 lvl=info msg="Backend rendering via external http server" logger=rendering renderer=http
t=2020-08-30T11:26:33+0800 lvl=eror msg="can't read dashboard provisioning files from directory" logger=provisioning.dashboard path=/etc/grafana/provisioning/dashboards error="open /etc/grafana/provisioning/dashboards: no such file or directory"
t=2020-08-30T11:26:33+0800 lvl=info msg="HTTP Server Listen" logger=http.server address=[::]:3000 protocol=http subUrl= socket=
t=2020-08-30T11:26:33+0800 lvl=info msg=Profiler logger=plugins.backend pluginId=grafana-googlesheets-datasource enabled=false
t=2020-08-30T11:26:59+0800 lvl=info msg="Sending alert notification to" logger=alerting.notifier.email addresses="[tiun.hl@gmail.com warren.chang@ap.logicalis.com]" singleEmail=false
t=2020-08-30T11:38:33+0800 lvl=info msg="Request Completed" logger=context userId=0 orgId=0 uname= method=GET path=/ status=302 remote_addr=219.68.157.45 time_ms=0 size=29 referer=
t=2020-08-30T11:38:59+0800 lvl=eror msg="Invalid username or password" logger=context userId=0 orgId=0 uname= error="Invalid Username or Password" remote_addr=219.68.157.45
t=2020-08-30T11:38:59+0800 lvl=info msg="Request Completed" logger=context userId=0 orgId=0 uname= method=POST path=/login status=401 remote_addr=219.68.157.45 time_ms=21 size=42 referer=http://8bfb954c5aba.ngrok.io/login
t=2020-08-30T11:39:08+0800 lvl=eror msg="Invalid username or password" logger=context userId=0 orgId=0 uname= error="Invalid Username or Password" remote_addr=219.68.157.45
t=2020-08-30T11:39:08+0800 lvl=info msg="Request Completed" logger=context userId=0 orgId=0 uname= method=POST path=/login status=401 remote_addr=219.68.157.45 time_ms=26 size=42 referer=http://8bfb954c5aba.ngrok.io/login
t=2020-08-30T11:39:37+0800 lvl=info msg="Successful Login" logger=http.server User=admin@localhost
t=2020-08-30T12:13:01+0800 lvl=info msg="Request Completed" logger=context userId=0 orgId=0 uname= method=GET path=/ status=302 remote_addr=219.68.157.45 time_ms=0 size=29 referer=
t=2020-08-30T12:17:54+0800 lvl=info msg="Successful Login" logger=http.server User=admin@localhost
t=2020-08-30T12:19:21+0800 lvl=info msg="Alert Rule returned no data" logger=alerting.evalContext ruleId=1 name="CPU Utilization alert" changing state to=alerting
t=2020-08-30T12:19:21+0800 lvl=info msg="New state change" logger=alerting.resultHandler ruleId=1 newState=pending prev state=unknown
t=2020-08-30T12:19:41+0800 lvl=info msg="Alert Rule returned no data" logger=alerting.evalContext ruleId=1 name="CPU Utilization alert" changing state to=alerting
t=2020-08-30T12:20:01+0800 lvl=info msg="Alert Rule returned no data" logger=alerting.evalContext ruleId=1 name="CPU Utilization alert" changing state to=alerting
t=2020-08-30T12:20:01+0800 lvl=info msg="New state change" logger=alerting.resultHandler ruleId=1 newState=alerting prev state=pending
t=2020-08-30T12:20:01+0800 lvl=info msg=Rendering logger=rendering renderer=http path="d-solo/9FQBljNMz/home-switches?orgId=1&panelId=12"
t=2020-08-30T12:20:01+0800 lvl=dbug msg="calling remote rendering service" logger=rendering renderer=http url="http://grafana-image:8081/render?deviceScaleFactor=1.000000&domain=grafana&encoding=&height=500&renderKey=GCwKL95102KteVx7zNDhuHuk71zRHIfb&timeout=15&timezone=&url=http%3A%2F%2Fgrafana%3A3000%2Fd-solo%2F9FQBljNMz%2Fhome-switches%3ForgId%3D1%26panelId%3D12%26render%3D1&width=1000"
t=2020-08-30T12:20:04+0800 lvl=info msg="Executing line notification" logger=alerting.notifier.line ruleId=1 notification=LINE
t=2020-08-30T12:20:04+0800 lvl=info msg="Creating Line notify" logger=alerting.notifier.line ruleId=1 notification=LINE
t=2020-08-30T12:20:05+0800 lvl=info msg="Sending alert notification to" logger=alerting.notifier.email addresses="[tiun.hl@gmail.com warren.chang@ap.logicalis.com]" singleEmail=false
t=2020-08-30T12:20:21+0800 lvl=info msg="Alert Rule returned no data" logger=alerting.evalContext ruleId=1 name="CPU Utilization alert" changing state to=alerting
t=2020-08-30T12:20:41+0800 lvl=info msg="Alert Rule returned no data" logger=alerting.evalContext ruleId=1 name="CPU Utilization alert" changing state to=alerting
t=2020-08-30T12:21:01+0800 lvl=info msg="Alert Rule returned no data" logger=alerting.evalContext ruleId=1 name="CPU Utilization alert" changing state to=alerting
t=2020-08-30T12:21:21+0800 lvl=info msg="Alert Rule returned no data" logger=alerting.evalContext ruleId=1 name="CPU Utilization alert" changing state to=alerting
t=2020-08-30T12:21:24+0800 lvl=info msg="Request Completed" logger=context userId=1 orgId=1 uname=admin method=POST path=/api/admin/users status=400 remote_addr=219.68.157.45 time_ms=0 size=69 referer=https://26f4d038e276.ngrok.io/admin/users/create
t=2020-08-30T12:21:41+0800 lvl=info msg="Alert Rule returned no data" logger=alerting.evalContext ruleId=1 name="CPU Utilization alert" changing state to=alerting
t=2020-08-30T12:22:01+0800 lvl=info msg="Alert Rule returned no data" logger=alerting.evalContext ruleId=1 name="CPU Utilization alert" changing state to=alerting
t=2020-08-30T12:22:21+0800 lvl=info msg="Alert Rule returned no data" logger=alerting.evalContext ruleId=1 name="CPU Utilization alert" changing state to=alerting
t=2020-08-30T12:22:41+0800 lvl=info msg="Alert Rule returned no data" logger=alerting.evalContext ruleId=1 name="CPU Utilization alert" changing state to=alerting
t=2020-08-30T12:23:01+0800 lvl=info msg="Alert Rule returned no data" logger=alerting.evalContext ruleId=1 name="CPU Utilization alert" changing state to=alerting
t=2020-08-30T12:23:21+0800 lvl=info msg="Alert Rule returned no data" logger=alerting.evalContext ruleId=1 name="CPU Utilization alert" changing state to=alerting
t=2020-08-30T12:23:41+0800 lvl=info msg="Alert Rule returned no data" logger=alerting.evalContext ruleId=1 name="CPU Utilization alert" changing state to=alerting
t=2020-08-30T12:24:01+0800 lvl=info msg="Alert Rule returned no data" logger=alerting.evalContext ruleId=1 name="CPU Utilization alert" changing state to=alerting
t=2020-08-30T12:24:21+0800 lvl=info msg="Alert Rule returned no data" logger=alerting.evalContext ruleId=1 name="CPU Utilization alert" changing state to=alerting
t=2020-08-30T12:24:41+0800 lvl=info msg="Alert Rule returned no data" logger=alerting.evalContext ruleId=1 name="CPU Utilization alert" changing state to=alerting
t=2020-08-30T12:25:01+0800 lvl=info msg="Alert Rule returned no data" logger=alerting.evalContext ruleId=1 name="CPU Utilization alert" changing state to=alerting
t=2020-08-30T12:25:21+0800 lvl=info msg="Alert Rule returned no data" logger=alerting.evalContext ruleId=1 name="CPU Utilization alert" changing state to=alerting
t=2020-08-30T12:25:41+0800 lvl=info msg="Alert Rule returned no data" logger=alerting.evalContext ruleId=1 name="CPU Utilization alert" changing state to=alerting
t=2020-08-30T12:26:01+0800 lvl=info msg="Alert Rule returned no data" logger=alerting.evalContext ruleId=1 name="CPU Utilization alert" changing state to=alerting
t=2020-08-30T12:26:21+0800 lvl=info msg="Alert Rule returned no data" logger=alerting.evalContext ruleId=1 name="CPU Utilization alert" changing state to=alerting
t=2020-08-30T12:26:41+0800 lvl=info msg="Alert Rule returned no data" logger=alerting.evalContext ruleId=1 name="CPU Utilization alert" changing state to=alerting
t=2020-08-30T12:27:01+0800 lvl=info msg="Alert Rule returned no data" logger=alerting.evalContext ruleId=1 name="CPU Utilization alert" changing state to=alerting
t=2020-08-30T12:27:21+0800 lvl=info msg="Alert Rule returned no data" logger=alerting.evalContext ruleId=1 name="CPU Utilization alert" changing state to=alerting
t=2020-08-30T12:27:41+0800 lvl=info msg="Alert Rule returned no data" logger=alerting.evalContext ruleId=1 name="CPU Utilization alert" changing state to=alerting
t=2020-08-30T12:28:01+0800 lvl=info msg="Alert Rule returned no data" logger=alerting.evalContext ruleId=1 name="CPU Utilization alert" changing state to=alerting
t=2020-08-30T12:28:21+0800 lvl=info msg="Alert Rule returned no data" logger=alerting.evalContext ruleId=1 name="CPU Utilization alert" changing state to=alerting
t=2020-08-30T12:28:41+0800 lvl=info msg="Alert Rule returned no data" logger=alerting.evalContext ruleId=1 name="CPU Utilization alert" changing state to=alerting
t=2020-08-30T12:29:01+0800 lvl=info msg="Alert Rule returned no data" logger=alerting.evalContext ruleId=1 name="CPU Utilization alert" changing state to=alerting
t=2020-08-30T12:29:22+0800 lvl=info msg="Alert Rule returned no data" logger=alerting.evalContext ruleId=1 name="CPU Utilization alert" changing state to=alerting
t=2020-08-30T12:29:42+0800 lvl=info msg="Alert Rule returned no data" logger=alerting.evalContext ruleId=1 name="CPU Utilization alert" changing state to=alerting
t=2020-08-30T12:30:02+0800 lvl=info msg="Alert Rule returned no data" logger=alerting.evalContext ruleId=1 name="CPU Utilization alert" changing state to=alerting
t=2020-08-30T12:30:22+0800 lvl=info msg="Alert Rule returned no data" logger=alerting.evalContext ruleId=1 name="CPU Utilization alert" changing state to=alerting
t=2020-08-30T12:30:42+0800 lvl=info msg="Alert Rule returned no data" logger=alerting.evalContext ruleId=1 name="CPU Utilization alert" changing state to=alerting
t=2020-08-30T12:31:02+0800 lvl=info msg="Alert Rule returned no data" logger=alerting.evalContext ruleId=1 name="CPU Utilization alert" changing state to=alerting
t=2020-08-30T12:31:22+0800 lvl=info msg="Alert Rule returned no data" logger=alerting.evalContext ruleId=1 name="CPU Utilization alert" changing state to=alerting
t=2020-08-30T12:31:42+0800 lvl=info msg="Alert Rule returned no data" logger=alerting.evalContext ruleId=1 name="CPU Utilization alert" changing state to=alerting
t=2020-08-30T12:32:02+0800 lvl=info msg="Alert Rule returned no data" logger=alerting.evalContext ruleId=1 name="CPU Utilization alert" changing state to=alerting
t=2020-08-30T12:32:22+0800 lvl=info msg="Alert Rule returned no data" logger=alerting.evalContext ruleId=1 name="CPU Utilization alert" changing state to=alerting
t=2020-08-30T12:32:42+0800 lvl=info msg="Alert Rule returned no data" logger=alerting.evalContext ruleId=1 name="CPU Utilization alert" changing state to=alerting
t=2020-08-30T12:33:02+0800 lvl=info msg="Alert Rule returned no data" logger=alerting.evalContext ruleId=1 name="CPU Utilization alert" changing state to=alerting
t=2020-08-30T12:33:22+0800 lvl=info msg="Alert Rule returned no data" logger=alerting.evalContext ruleId=1 name="CPU Utilization alert" changing state to=alerting
t=2020-08-30T12:33:42+0800 lvl=info msg="Alert Rule returned no data" logger=alerting.evalContext ruleId=1 name="CPU Utilization alert" changing state to=alerting
t=2020-08-30T12:34:02+0800 lvl=info msg="Alert Rule returned no data" logger=alerting.evalContext ruleId=1 name="CPU Utilization alert" changing state to=alerting
t=2020-08-30T12:34:22+0800 lvl=info msg="Alert Rule returned no data" logger=alerting.evalContext ruleId=1 name="CPU Utilization alert" changing state to=alerting
t=2020-08-30T12:34:42+0800 lvl=info msg="Alert Rule returned no data" logger=alerting.evalContext ruleId=1 name="CPU Utilization alert" changing state to=alerting
t=2020-08-30T12:35:02+0800 lvl=info msg="Alert Rule returned no data" logger=alerting.evalContext ruleId=1 name="CPU Utilization alert" changing state to=alerting
t=2020-08-30T12:35:22+0800 lvl=info msg="Alert Rule returned no data" logger=alerting.evalContext ruleId=1 name="CPU Utilization alert" changing state to=alerting
t=2020-08-30T12:35:42+0800 lvl=info msg="Alert Rule returned no data" logger=alerting.evalContext ruleId=1 name="CPU Utilization alert" changing state to=alerting
t=2020-08-30T12:36:02+0800 lvl=info msg="Alert Rule returned no data" logger=alerting.evalContext ruleId=1 name="CPU Utilization alert" changing state to=alerting
t=2020-08-30T12:36:22+0800 lvl=info msg="Alert Rule returned no data" logger=alerting.evalContext ruleId=1 name="CPU Utilization alert" changing state to=alerting
t=2020-08-30T12:36:42+0800 lvl=info msg="Alert Rule returned no data" logger=alerting.evalContext ruleId=1 name="CPU Utilization alert" changing state to=alerting
t=2020-08-30T12:37:02+0800 lvl=info msg="Alert Rule returned no data" logger=alerting.evalContext ruleId=1 name="CPU Utilization alert" changing state to=alerting
t=2020-08-30T12:37:22+0800 lvl=info msg="Alert Rule returned no data" logger=alerting.evalContext ruleId=1 name="CPU Utilization alert" changing state to=alerting
t=2020-08-30T12:37:42+0800 lvl=info msg="Alert Rule returned no data" logger=alerting.evalContext ruleId=1 name="CPU Utilization alert" changing state to=alerting
t=2020-08-30T12:38:02+0800 lvl=info msg="Alert Rule returned no data" logger=alerting.evalContext ruleId=1 name="CPU Utilization alert" changing state to=alerting
t=2020-08-30T12:38:22+0800 lvl=info msg="Alert Rule returned no data" logger=alerting.evalContext ruleId=1 name="CPU Utilization alert" changing state to=alerting
t=2020-08-30T12:38:42+0800 lvl=info msg="Alert Rule returned no data" logger=alerting.evalContext ruleId=1 name="CPU Utilization alert" changing state to=alerting
t=2020-08-30T12:39:02+0800 lvl=info msg="Alert Rule returned no data" logger=alerting.evalContext ruleId=1 name="CPU Utilization alert" changing state to=alerting
t=2020-08-30T12:39:22+0800 lvl=info msg="Alert Rule returned no data" logger=alerting.evalContext ruleId=1 name="CPU Utilization alert" changing state to=alerting
t=2020-08-30T12:39:42+0800 lvl=info msg="Alert Rule returned no data" logger=alerting.evalContext ruleId=1 name="CPU Utilization alert" changing state to=alerting
t=2020-08-30T12:40:02+0800 lvl=info msg="Alert Rule returned no data" logger=alerting.evalContext ruleId=1 name="CPU Utilization alert" changing state to=alerting
t=2020-08-30T12:40:22+0800 lvl=info msg="Alert Rule returned no data" logger=alerting.evalContext ruleId=1 name="CPU Utilization alert" changing state to=alerting
t=2020-08-30T12:40:42+0800 lvl=info msg="Alert Rule returned no data" logger=alerting.evalContext ruleId=1 name="CPU Utilization alert" changing state to=alerting
t=2020-08-30T12:41:02+0800 lvl=info msg="Alert Rule returned no data" logger=alerting.evalContext ruleId=1 name="CPU Utilization alert" changing state to=alerting
t=2020-08-30T12:41:22+0800 lvl=info msg="Alert Rule returned no data" logger=alerting.evalContext ruleId=1 name="CPU Utilization alert" changing state to=alerting
t=2020-08-30T12:41:42+0800 lvl=info msg="Alert Rule returned no data" logger=alerting.evalContext ruleId=1 name="CPU Utilization alert" changing state to=alerting
t=2020-08-30T12:42:02+0800 lvl=info msg="Alert Rule returned no data" logger=alerting.evalContext ruleId=1 name="CPU Utilization alert" changing state to=alerting
t=2020-08-30T12:42:22+0800 lvl=info msg="Alert Rule returned no data" logger=alerting.evalContext ruleId=1 name="CPU Utilization alert" changing state to=alerting
t=2020-08-30T12:42:42+0800 lvl=info msg="Alert Rule returned no data" logger=alerting.evalContext ruleId=1 name="CPU Utilization alert" changing state to=alerting
t=2020-08-30T12:43:02+0800 lvl=info msg="Alert Rule returned no data" logger=alerting.evalContext ruleId=1 name="CPU Utilization alert" changing state to=alerting
t=2020-08-30T12:43:22+0800 lvl=info msg="Alert Rule returned no data" logger=alerting.evalContext ruleId=1 name="CPU Utilization alert" changing state to=alerting
t=2020-08-30T12:43:42+0800 lvl=info msg="Alert Rule returned no data" logger=alerting.evalContext ruleId=1 name="CPU Utilization alert" changing state to=alerting
t=2020-08-30T12:44:02+0800 lvl=info msg="Alert Rule returned no data" logger=alerting.evalContext ruleId=1 name="CPU Utilization alert" changing state to=alerting
t=2020-08-30T12:44:22+0800 lvl=info msg="Alert Rule returned no data" logger=alerting.evalContext ruleId=1 name="CPU Utilization alert" changing state to=alerting
t=2020-08-30T12:44:42+0800 lvl=info msg="Alert Rule returned no data" logger=alerting.evalContext ruleId=1 name="CPU Utilization alert" changing state to=alerting
t=2020-08-30T12:45:02+0800 lvl=info msg="Alert Rule returned no data" logger=alerting.evalContext ruleId=1 name="CPU Utilization alert" changing state to=alerting
t=2020-08-30T12:45:22+0800 lvl=info msg="Alert Rule returned no data" logger=alerting.evalContext ruleId=1 name="CPU Utilization alert" changing state to=alerting
t=2020-08-30T12:45:42+0800 lvl=info msg="Alert Rule returned no data" logger=alerting.evalContext ruleId=1 name="CPU Utilization alert" changing state to=alerting
t=2020-08-30T12:46:02+0800 lvl=info msg="Alert Rule returned no data" logger=alerting.evalContext ruleId=1 name="CPU Utilization alert" changing state to=alerting
t=2020-08-30T12:46:22+0800 lvl=info msg="Alert Rule returned no data" logger=alerting.evalContext ruleId=1 name="CPU Utilization alert" changing state to=alerting
t=2020-08-30T12:46:42+0800 lvl=info msg="Alert Rule returned no data" logger=alerting.evalContext ruleId=1 name="CPU Utilization alert" changing state to=alerting
t=2020-08-30T12:47:02+0800 lvl=info msg="Alert Rule returned no data" logger=alerting.evalContext ruleId=1 name="CPU Utilization alert" changing state to=alerting
t=2020-08-30T12:47:22+0800 lvl=info msg="Alert Rule returned no data" logger=alerting.evalContext ruleId=1 name="CPU Utilization alert" changing state to=alerting
t=2020-08-30T12:47:42+0800 lvl=info msg="Alert Rule returned no data" logger=alerting.evalContext ruleId=1 name="CPU Utilization alert" changing state to=alerting
t=2020-08-30T12:48:02+0800 lvl=info msg="Alert Rule returned no data" logger=alerting.evalContext ruleId=1 name="CPU Utilization alert" changing state to=alerting
t=2020-08-30T12:48:22+0800 lvl=info msg="Alert Rule returned no data" logger=alerting.evalContext ruleId=1 name="CPU Utilization alert" changing state to=alerting
t=2020-08-30T12:48:42+0800 lvl=info msg="Alert Rule returned no data" logger=alerting.evalContext ruleId=1 name="CPU Utilization alert" changing state to=alerting
t=2020-08-30T12:49:02+0800 lvl=info msg="Alert Rule returned no data" logger=alerting.evalContext ruleId=1 name="CPU Utilization alert" changing state to=alerting
t=2020-08-30T12:49:22+0800 lvl=info msg="Alert Rule returned no data" logger=alerting.evalContext ruleId=1 name="CPU Utilization alert" changing state to=alerting
t=2020-08-30T12:49:42+0800 lvl=info msg="Alert Rule returned no data" logger=alerting.evalContext ruleId=1 name="CPU Utilization alert" changing state to=alerting
t=2020-08-30T12:50:02+0800 lvl=info msg="Alert Rule returned no data" logger=alerting.evalContext ruleId=1 name="CPU Utilization alert" changing state to=alerting
t=2020-08-30T12:50:22+0800 lvl=info msg="Alert Rule returned no data" logger=alerting.evalContext ruleId=1 name="CPU Utilization alert" changing state to=alerting
t=2020-08-30T12:50:42+0800 lvl=info msg="Alert Rule returned no data" logger=alerting.evalContext ruleId=1 name="CPU Utilization alert" changing state to=alerting
t=2020-08-30T12:51:02+0800 lvl=info msg="Alert Rule returned no data" logger=alerting.evalContext ruleId=1 name="CPU Utilization alert" changing state to=alerting
t=2020-08-30T12:51:22+0800 lvl=info msg="Alert Rule returned no data" logger=alerting.evalContext ruleId=1 name="CPU Utilization alert" changing state to=alerting
t=2020-08-30T12:51:42+0800 lvl=info msg="Alert Rule returned no data" logger=alerting.evalContext ruleId=1 name="CPU Utilization alert" changing state to=alerting
t=2020-08-30T12:52:02+0800 lvl=info msg="Alert Rule returned no data" logger=alerting.evalContext ruleId=1 name="CPU Utilization alert" changing state to=alerting
t=2020-08-30T12:52:22+0800 lvl=info msg="Alert Rule returned no data" logger=alerting.evalContext ruleId=1 name="CPU Utilization alert" changing state to=alerting
t=2020-08-30T12:52:42+0800 lvl=info msg="Alert Rule returned no data" logger=alerting.evalContext ruleId=1 name="CPU Utilization alert" changing state to=alerting
t=2020-08-30T12:53:02+0800 lvl=info msg="Alert Rule returned no data" logger=alerting.evalContext ruleId=1 name="CPU Utilization alert" changing state to=alerting
t=2020-08-30T12:53:22+0800 lvl=info msg="Alert Rule returned no data" logger=alerting.evalContext ruleId=1 name="CPU Utilization alert" changing state to=alerting
t=2020-08-30T12:53:42+0800 lvl=info msg="Alert Rule returned no data" logger=alerting.evalContext ruleId=1 name="CPU Utilization alert" changing state to=alerting
t=2020-08-30T12:54:02+0800 lvl=info msg="Alert Rule returned no data" logger=alerting.evalContext ruleId=1 name="CPU Utilization alert" changing state to=alerting
t=2020-08-30T12:54:22+0800 lvl=info msg="New state change" logger=alerting.resultHandler ruleId=1 newState=ok prev state=alerting
t=2020-08-30T12:54:22+0800 lvl=info msg=Rendering logger=rendering renderer=http path="d-solo/9FQBljNMz/home-switches?orgId=1&panelId=12"
t=2020-08-30T12:54:22+0800 lvl=dbug msg="calling remote rendering service" logger=rendering renderer=http url="http://grafana-image:8081/render?deviceScaleFactor=1.000000&domain=grafana&encoding=&height=500&renderKey=N2dcw2K1y0fP0TdIYe5GSbjPnSlzHDCG&timeout=15&timezone=&url=http%3A%2F%2Fgrafana%3A3000%2Fd-solo%2F9FQBljNMz%2Fhome-switches%3ForgId%3D1%26panelId%3D12%26render%3D1&width=1000"
t=2020-08-30T12:54:24+0800 lvl=info msg="Executing line notification" logger=alerting.notifier.line ruleId=1 notification=LINE
t=2020-08-30T12:54:24+0800 lvl=info msg="Sending alert notification to" logger=alerting.notifier.email addresses="[tiun.hl@gmail.com warren.chang@ap.logicalis.com]" singleEmail=false
t=2020-08-30T12:54:42+0800 lvl=info msg="Alert Rule returned no data" logger=alerting.evalContext ruleId=1 name="CPU Utilization alert" changing state to=alerting
t=2020-08-30T12:54:42+0800 lvl=info msg="New state change" logger=alerting.resultHandler ruleId=1 newState=pending prev state=ok
t=2020-08-30T12:55:02+0800 lvl=info msg="New state change" logger=alerting.resultHandler ruleId=1 newState=ok prev state=pending
t=2020-08-30T13:01:42+0800 lvl=info msg="Alert Rule returned no data" logger=alerting.evalContext ruleId=1 name="CPU Utilization alert" changing state to=alerting
t=2020-08-30T13:01:42+0800 lvl=info msg="New state change" logger=alerting.resultHandler ruleId=1 newState=pending prev state=ok
t=2020-08-30T13:02:02+0800 lvl=info msg="New state change" logger=alerting.resultHandler ruleId=1 newState=ok prev state=pending
t=2020-08-30T13:03:42+0800 lvl=info msg="Alert Rule returned no data" logger=alerting.evalContext ruleId=1 name="CPU Utilization alert" changing state to=alerting
t=2020-08-30T13:03:42+0800 lvl=info msg="New state change" logger=alerting.resultHandler ruleId=1 newState=pending prev state=ok
t=2020-08-30T13:04:02+0800 lvl=info msg="New state change" logger=alerting.resultHandler ruleId=1 newState=ok prev state=pending
t=2020-08-30T13:04:22+0800 lvl=info msg="Successful Logout" logger=http.server User=admin@localhost
t=2020-08-30T13:04:22+0800 lvl=info msg="Request Completed" logger=context userId=1 orgId=1 uname=admin method=GET path=/logout status=302 remote_addr=219.68.157.45 time_ms=9 size=29 referer=https://26f4d038e276.ngrok.io/org/users
t=2020-08-30T13:04:37+0800 lvl=eror msg="Invalid username or password" logger=context userId=0 orgId=0 uname= error="Invalid Username or Password" remote_addr=219.68.157.45
t=2020-08-30T13:04:37+0800 lvl=info msg="Request Completed" logger=context userId=0 orgId=0 uname= method=POST path=/login status=401 remote_addr=219.68.157.45 time_ms=6 size=42 referer=https://26f4d038e276.ngrok.io/login
t=2020-08-30T13:04:52+0800 lvl=eror msg="Invalid username or password" logger=context userId=0 orgId=0 uname= error="Invalid Username or Password" remote_addr=219.68.157.45
t=2020-08-30T13:04:52+0800 lvl=info msg="Request Completed" logger=context userId=0 orgId=0 uname= method=POST path=/login status=401 remote_addr=219.68.157.45 time_ms=7 size=42 referer=https://26f4d038e276.ngrok.io/login
t=2020-08-30T13:05:30+0800 lvl=eror msg="Invalid username or password" logger=context userId=0 orgId=0 uname= error="Invalid Username or Password" remote_addr=219.68.157.45
t=2020-08-30T13:05:30+0800 lvl=info msg="Request Completed" logger=context userId=0 orgId=0 uname= method=POST path=/login status=401 remote_addr=219.68.157.45 time_ms=6 size=42 referer=https://26f4d038e276.ngrok.io/login
t=2020-08-30T13:05:42+0800 lvl=info msg="Alert Rule returned no data" logger=alerting.evalContext ruleId=1 name="CPU Utilization alert" changing state to=alerting
t=2020-08-30T13:05:42+0800 lvl=info msg="New state change" logger=alerting.resultHandler ruleId=1 newState=pending prev state=ok
t=2020-08-30T13:05:45+0800 lvl=eror msg="Invalid username or password" logger=context userId=0 orgId=0 uname= error="Invalid Username or Password" remote_addr=219.68.157.45
t=2020-08-30T13:05:45+0800 lvl=info msg="Request Completed" logger=context userId=0 orgId=0 uname= method=POST path=/login status=401 remote_addr=219.68.157.45 time_ms=1 size=42 referer=https://26f4d038e276.ngrok.io/login
t=2020-08-30T13:06:02+0800 lvl=info msg="New state change" logger=alerting.resultHandler ruleId=1 newState=ok prev state=pending
t=2020-08-30T13:06:10+0800 lvl=info msg="Successful Login" logger=http.server User="Lab Users"
t=2020-08-30T13:06:19+0800 lvl=info msg="Successful Logout" logger=http.server User="Lab Users"
t=2020-08-30T13:06:19+0800 lvl=info msg="Request Completed" logger=context userId=2 orgId=1 uname="Lab Users" method=GET path=/logout status=302 remote_addr=219.68.157.45 time_ms=9 size=29 referer="https://26f4d038e276.ngrok.io/d/9FQBljNMz/home-switches?orgId=1&refresh=30s"
t=2020-08-30T13:06:42+0800 lvl=info msg="Alert Rule returned no data" logger=alerting.evalContext ruleId=1 name="CPU Utilization alert" changing state to=alerting
t=2020-08-30T13:06:42+0800 lvl=info msg="New state change" logger=alerting.resultHandler ruleId=1 newState=pending prev state=ok
t=2020-08-30T13:07:02+0800 lvl=info msg="New state change" logger=alerting.resultHandler ruleId=1 newState=ok prev state=pending
t=2020-08-30T13:07:06+0800 lvl=info msg="Successful Login" logger=http.server User="Lab Users"
t=2020-08-30T13:07:42+0800 lvl=info msg="Alert Rule returned no data" logger=alerting.evalContext ruleId=1 name="CPU Utilization alert" changing state to=alerting
t=2020-08-30T13:07:42+0800 lvl=info msg="New state change" logger=alerting.resultHandler ruleId=1 newState=pending prev state=ok
t=2020-08-30T13:08:02+0800 lvl=info msg="New state change" logger=alerting.resultHandler ruleId=1 newState=ok prev state=pending
